#
# There is insufficient memory for the Java Runtime Environment to continue.
# Native memory allocation (malloc) failed to allocate 181136 bytes for Chunk::new
# Possible reasons:
#   The system is out of physical RAM or swap space
#   The process is running with CompressedOops enabled, and the Java Heap may be blocking the growth of the native heap
# Possible solutions:
#   Reduce memory load on the system
#   Increase physical memory or swap space
#   Check if swap backing store is full
#   Decrease Java heap size (-Xmx/-Xms)
#   Decrease number of Java threads
#   Decrease Java thread stack sizes (-Xss)
#   Set larger code cache with -XX:ReservedCodeCacheSize=
#   JVM is running with Zero Based Compressed Oops mode in which the Java heap is
#     placed in the first 32GB address space. The Java Heap base address is the
#     maximum limit for the native heap growth. Please use -XX:HeapBaseMinAddress
#     to set the Java Heap base and to place the Java Heap above 32GB virtual address.
# This output file may be truncated or incomplete.
#
#  Out of Memory Error (arena.cpp:189), pid=22652, tid=14036
#
# JRE version: OpenJDK Runtime Environment Temurin-17.0.7+7 (17.0.7+7) (build 17.0.7+7)
# Java VM: OpenJDK 64-Bit Server VM Temurin-17.0.7+7 (17.0.7+7, mixed mode, sharing, tiered, compressed oops, compressed class ptrs, g1 gc, windows-amd64)
# No core dump will be written. Minidumps are not enabled by default on client versions of Windows
#

---------------  S U M M A R Y ------------

Command Line: -XX:+ShowCodeDetailsInExceptionMessages com.carburant.backend.BackendApplication

Host: 11th Gen Intel(R) Core(TM) i5-11320H @ 3.20GHz, 8 cores, 15G,  Windows 11 , 64 bit Build 26100 (10.0.26100.4202)
Time: Wed Jun  4 14:26:23 2025 W. Central Africa Standard Time elapsed time: 66.001115 seconds (0d 0h 1m 6s)

---------------  T H R E A D  ---------------

Current thread (0x0000020379a1a960):  JavaThread "C2 CompilerThread1" daemon [_thread_in_native, id=14036, stack(0x0000000bf7600000,0x0000000bf7700000)]


Current CompileTask:
C2:  66001 5096       4       sun.security.provider.DigestBase::engineUpdate (189 bytes)

Stack: [0x0000000bf7600000,0x0000000bf7700000]
Native frames: (J=compiled Java code, j=interpreted, Vv=VM code, C=native code)
V  [jvm.dll+0x67754a]
V  [jvm.dll+0x834304]
V  [jvm.dll+0x835aae]
V  [jvm.dll+0x836113]
V  [jvm.dll+0x24696f]
V  [jvm.dll+0xac0ac]
V  [jvm.dll+0xac67c]
V  [jvm.dll+0x364de2]
V  [jvm.dll+0x32f6b1]
V  [jvm.dll+0x32eb5a]
V  [jvm.dll+0x219641]
V  [jvm.dll+0x218a61]
V  [jvm.dll+0x1a4d8d]
V  [jvm.dll+0x2284da]
V  [jvm.dll+0x226615]
V  [jvm.dll+0x7ea90b]
V  [jvm.dll+0x7e4e7a]
V  [jvm.dll+0x676395]
C  [ucrtbase.dll+0x37b0]
C  [KERNEL32.DLL+0x2e8d7]
C  [ntdll.dll+0x3c34c]


---------------  P R O C E S S  ---------------

Threads class SMR info:
_java_thread_list=0x000002037e281d10, length=23, elements={
0x000002035125cc70, 0x00000203744fb1f0, 0x00000203744fbda0, 0x0000020374511ae0,
0x00000203745145a0, 0x0000020374514f50, 0x0000020374518920, 0x0000020374519600,
0x000002037451efe0, 0x0000020374948f70, 0x0000020374a267b0, 0x0000020374a31450,
0x00000203797a8640, 0x0000020379a219f0, 0x000002037adfcb90, 0x000002037adf96a0,
0x000002037adf91d0, 0x000002037adfaeb0, 0x000002037adfa9e0, 0x000002037adfb380,
0x000002037adfb850, 0x000002037adfbd20, 0x0000020379a1a960
}

Java Threads: ( => current thread )
  0x000002035125cc70 JavaThread "main" [_thread_blocked, id=13940, stack(0x0000000bf5700000,0x0000000bf5800000)]
  0x00000203744fb1f0 JavaThread "Reference Handler" daemon [_thread_blocked, id=6896, stack(0x0000000bf5e00000,0x0000000bf5f00000)]
  0x00000203744fbda0 JavaThread "Finalizer" daemon [_thread_blocked, id=20636, stack(0x0000000bf5f00000,0x0000000bf6000000)]
  0x0000020374511ae0 JavaThread "Signal Dispatcher" daemon [_thread_blocked, id=22040, stack(0x0000000bf6000000,0x0000000bf6100000)]
  0x00000203745145a0 JavaThread "Attach Listener" daemon [_thread_blocked, id=9432, stack(0x0000000bf6100000,0x0000000bf6200000)]
  0x0000020374514f50 JavaThread "Service Thread" daemon [_thread_blocked, id=16776, stack(0x0000000bf6200000,0x0000000bf6300000)]
  0x0000020374518920 JavaThread "Monitor Deflation Thread" daemon [_thread_blocked, id=16820, stack(0x0000000bf6300000,0x0000000bf6400000)]
  0x0000020374519600 JavaThread "C2 CompilerThread0" daemon [_thread_blocked, id=22228, stack(0x0000000bf6400000,0x0000000bf6500000)]
  0x000002037451efe0 JavaThread "C1 CompilerThread0" daemon [_thread_blocked, id=20124, stack(0x0000000bf6500000,0x0000000bf6600000)]
  0x0000020374948f70 JavaThread "Sweeper thread" daemon [_thread_blocked, id=2252, stack(0x0000000bf6600000,0x0000000bf6700000)]
  0x0000020374a267b0 JavaThread "Notification Thread" daemon [_thread_blocked, id=21428, stack(0x0000000bf6700000,0x0000000bf6800000)]
  0x0000020374a31450 JavaThread "Common-Cleaner" daemon [_thread_blocked, id=13104, stack(0x0000000bf6900000,0x0000000bf6a00000)]
  0x00000203797a8640 JavaThread "Thread-0" [_thread_blocked, id=19640, stack(0x0000000bf7100000,0x0000000bf7200000)]
  0x0000020379a219f0 JavaThread "restartedMain" [_thread_in_native, id=22988, stack(0x0000000bf7200000,0x0000000bf7300000)]
  0x000002037adfcb90 JavaThread "Catalina-utility-1" [_thread_blocked, id=17608, stack(0x0000000bf7700000,0x0000000bf7800000)]
  0x000002037adf96a0 JavaThread "Catalina-utility-2" [_thread_blocked, id=12760, stack(0x0000000bf7800000,0x0000000bf7900000)]
  0x000002037adf91d0 JavaThread "container-0" [_thread_blocked, id=15192, stack(0x0000000bf7900000,0x0000000bf7a00000)]
  0x000002037adfaeb0 JavaThread "BufferPoolPruner-1-thread-1" daemon [_thread_blocked, id=16380, stack(0x0000000bf7a00000,0x0000000bf7b00000)]
  0x000002037adfa9e0 JavaThread "cluster-ClusterId{value='68404946a3b735145b33eb27', description='null'}-localhost:27017" daemon [_thread_in_native, id=17464, stack(0x0000000bf7b00000,0x0000000bf7c00000)]
  0x000002037adfb380 JavaThread "cluster-rtt-ClusterId{value='68404946a3b735145b33eb27', description='null'}-localhost:27017" daemon [_thread_blocked, id=4604, stack(0x0000000bf7c00000,0x0000000bf7d00000)]
  0x000002037adfb850 JavaThread "MaintenanceTimer-2-thread-1" daemon [_thread_blocked, id=21548, stack(0x0000000bf7e00000,0x0000000bf7f00000)]
  0x000002037adfbd20 JavaThread "Live Reload Server" daemon [_thread_in_native, id=20580, stack(0x0000000bf8000000,0x0000000bf8100000)]
=>0x0000020379a1a960 JavaThread "C2 CompilerThread1" daemon [_thread_in_native, id=14036, stack(0x0000000bf7600000,0x0000000bf7700000)]

Other Threads:
  0x00000203744f6750 VMThread "VM Thread" [stack: 0x0000000bf5d00000,0x0000000bf5e00000] [id=4144]
  0x0000020374395a10 WatcherThread [stack: 0x0000000bf6800000,0x0000000bf6900000] [id=19780]
  0x00000203512d2df0 GCTaskThread "GC Thread#0" [stack: 0x0000000bf5800000,0x0000000bf5900000] [id=14552]
  0x0000020379af62c0 GCTaskThread "GC Thread#1" [stack: 0x0000000bf6b00000,0x0000000bf6c00000] [id=16496]
  0x0000020379e4d430 GCTaskThread "GC Thread#2" [stack: 0x0000000bf6c00000,0x0000000bf6d00000] [id=7836]
  0x0000020379860430 GCTaskThread "GC Thread#3" [stack: 0x0000000bf6d00000,0x0000000bf6e00000] [id=18000]
  0x000002037a0a3410 GCTaskThread "GC Thread#4" [stack: 0x0000000bf6e00000,0x0000000bf6f00000] [id=2388]
  0x000002037a0cb820 GCTaskThread "GC Thread#5" [stack: 0x0000000bf6f00000,0x0000000bf7000000] [id=18980]
  0x000002037a744f00 GCTaskThread "GC Thread#6" [stack: 0x0000000bf7300000,0x0000000bf7400000] [id=23336]
  0x0000020379fe18a0 GCTaskThread "GC Thread#7" [stack: 0x0000000bf7500000,0x0000000bf7600000] [id=12028]
  0x00000203512e39c0 ConcurrentGCThread "G1 Main Marker" [stack: 0x0000000bf5900000,0x0000000bf5a00000] [id=19412]
  0x00000203512e50a0 ConcurrentGCThread "G1 Conc#0" [stack: 0x0000000bf5a00000,0x0000000bf5b00000] [id=16732]
  0x000002037a12ed70 ConcurrentGCThread "G1 Conc#1" [stack: 0x0000000bf7000000,0x0000000bf7100000] [id=15992]
  0x0000020374427500 ConcurrentGCThread "G1 Refine#0" [stack: 0x0000000bf5b00000,0x0000000bf5c00000] [id=4264]
  0x000002037bd9cc90 ConcurrentGCThread "G1 Refine#1" [stack: 0x0000000bf7400000,0x0000000bf7500000] [id=19460]
  0x0000020374428ce0 ConcurrentGCThread "G1 Service" [stack: 0x0000000bf5c00000,0x0000000bf5d00000] [id=18024]

Threads with active compile tasks:
C2 CompilerThread1    67227 5096       4       sun.security.provider.DigestBase::engineUpdate (189 bytes)

VM state: not at safepoint (normal execution)

VM Mutex/Monitor currently owned by a thread: None

Heap address: 0x0000000703600000, size: 4042 MB, Compressed Oops mode: Zero based, Oop shift amount: 3

CDS archive(s) mapped at: [0x0000000800000000-0x0000000800bc0000-0x0000000800bc0000), size 12320768, SharedBaseAddress: 0x0000000800000000, ArchiveRelocationMode: 0.
Compressed class space mapped at: 0x0000000801000000-0x0000000841000000, reserved size: 1073741824
Narrow klass base: 0x0000000800000000, Narrow klass shift: 0, Narrow klass range: 0x100000000

GC Precious Log:
 CPUs: 8 total, 8 available
 Memory: 16167M
 Large Page Support: Disabled
 NUMA Support: Disabled
 Compressed Oops: Enabled (Zero based)
 Heap Region Size: 2M
 Heap Min Capacity: 8M
 Heap Initial Capacity: 254M
 Heap Max Capacity: 4042M
 Pre-touch: Disabled
 Parallel Workers: 8
 Concurrent Workers: 2
 Concurrent Refinement Workers: 8
 Periodic GC: Disabled

Heap:
 garbage-first heap   total 61440K, used 39271K [0x0000000703600000, 0x0000000800000000)
  region size 2048K, 8 young (16384K), 2 survivors (4096K)
 Metaspace       used 40942K, committed 41344K, reserved 1114112K
  class space    used 5374K, committed 5568K, reserved 1048576K

Heap Regions: E=young(eden), S=young(survivor), O=old, HS=humongous(starts), HC=humongous(continues), CS=collection set, F=free, OA=open archive, CA=closed archive, TAMS=top-at-mark-start (previous, next)
|   0|0x0000000703600000, 0x0000000703800000, 0x0000000703800000|100%| O|  |TAMS 0x0000000703800000, 0x0000000703600000| Untracked 
|   1|0x0000000703800000, 0x0000000703a00000, 0x0000000703a00000|100%| O|  |TAMS 0x0000000703a00000, 0x0000000703800000| Untracked 
|   2|0x0000000703a00000, 0x0000000703c00000, 0x0000000703c00000|100%| O|  |TAMS 0x0000000703c00000, 0x0000000703a00000| Untracked 
|   3|0x0000000703c00000, 0x0000000703e00000, 0x0000000703e00000|100%| O|  |TAMS 0x0000000703e00000, 0x0000000703c00000| Untracked 
|   4|0x0000000703e00000, 0x0000000704000000, 0x0000000704000000|100%| O|  |TAMS 0x0000000704000000, 0x0000000703e00000| Untracked 
|   5|0x0000000704000000, 0x0000000704200000, 0x0000000704200000|100%| O|  |TAMS 0x0000000704200000, 0x0000000704000000| Untracked 
|   6|0x0000000704200000, 0x0000000704400000, 0x0000000704400000|100%| O|  |TAMS 0x0000000704400000, 0x0000000704200000| Untracked 
|   7|0x0000000704400000, 0x0000000704600000, 0x0000000704600000|100%| O|  |TAMS 0x0000000704600000, 0x0000000704400000| Untracked 
|   8|0x0000000704600000, 0x0000000704800000, 0x0000000704800000|100%| O|  |TAMS 0x0000000704800000, 0x0000000704600000| Untracked 
|   9|0x0000000704800000, 0x0000000704a00000, 0x0000000704a00000|100%| O|  |TAMS 0x0000000704a00000, 0x0000000704800000| Untracked 
|  10|0x0000000704a00000, 0x0000000704c00000, 0x0000000704c00000|100%| O|  |TAMS 0x0000000704c00000, 0x0000000704a00000| Untracked 
|  11|0x0000000704c00000, 0x0000000704de6c00, 0x0000000704e00000| 95%| O|  |TAMS 0x0000000704cc0400, 0x0000000704c00000| Untracked 
|  12|0x0000000704e00000, 0x0000000705000000, 0x0000000705000000|100%| O|  |TAMS 0x0000000705000000, 0x0000000704e00000| Untracked 
|  13|0x0000000705000000, 0x0000000705000000, 0x0000000705200000|  0%| F|  |TAMS 0x0000000705000000, 0x0000000705000000| Untracked 
|  14|0x0000000705200000, 0x0000000705200000, 0x0000000705400000|  0%| F|  |TAMS 0x0000000705200000, 0x0000000705200000| Untracked 
|  15|0x0000000705400000, 0x0000000705400000, 0x0000000705600000|  0%| F|  |TAMS 0x0000000705400000, 0x0000000705400000| Untracked 
|  16|0x0000000705600000, 0x0000000705600000, 0x0000000705800000|  0%| F|  |TAMS 0x0000000705600000, 0x0000000705600000| Untracked 
|  17|0x0000000705800000, 0x0000000705800000, 0x0000000705a00000|  0%| F|  |TAMS 0x0000000705800000, 0x0000000705800000| Untracked 
|  18|0x0000000705a00000, 0x0000000705a73100, 0x0000000705c00000| 22%| S|CS|TAMS 0x0000000705a00000, 0x0000000705a00000| Complete 
|  19|0x0000000705c00000, 0x0000000705e00000, 0x0000000705e00000|100%| S|CS|TAMS 0x0000000705c00000, 0x0000000705c00000| Complete 
|  20|0x0000000705e00000, 0x0000000705e00000, 0x0000000706000000|  0%| F|  |TAMS 0x0000000705e00000, 0x0000000705e00000| Untracked 
|  21|0x0000000706000000, 0x0000000706000000, 0x0000000706200000|  0%| F|  |TAMS 0x0000000706000000, 0x0000000706000000| Untracked 
|  22|0x0000000706200000, 0x0000000706200000, 0x0000000706400000|  0%| F|  |TAMS 0x0000000706200000, 0x0000000706200000| Untracked 
|  23|0x0000000706400000, 0x0000000706400000, 0x0000000706600000|  0%| F|  |TAMS 0x0000000706400000, 0x0000000706400000| Untracked 
|  24|0x0000000706600000, 0x00000007067403f0, 0x0000000706800000| 62%| E|  |TAMS 0x0000000706600000, 0x0000000706600000| Complete 
| 116|0x0000000711e00000, 0x0000000712000000, 0x0000000712000000|100%| E|CS|TAMS 0x0000000711e00000, 0x0000000711e00000| Complete 
| 117|0x0000000712000000, 0x0000000712200000, 0x0000000712200000|100%| E|CS|TAMS 0x0000000712000000, 0x0000000712000000| Complete 
| 118|0x0000000712200000, 0x0000000712400000, 0x0000000712400000|100%| E|CS|TAMS 0x0000000712200000, 0x0000000712200000| Complete 
| 119|0x0000000712400000, 0x0000000712600000, 0x0000000712600000|100%| E|CS|TAMS 0x0000000712400000, 0x0000000712400000| Complete 
| 126|0x0000000713200000, 0x0000000713400000, 0x0000000713400000|100%| E|CS|TAMS 0x0000000713200000, 0x0000000713200000| Complete 

Card table byte_map: [0x0000020368fb0000,0x00000203697a0000] _byte_map_base: 0x0000020365795000

Marking Bits (Prev, Next): (CMBitMap*) 0x00000203512d3400, (CMBitMap*) 0x00000203512d3440
 Prev Bits: [0x0000020369f90000, 0x000002036deb8000)
 Next Bits: [0x000002036dec0000, 0x0000020371de8000)

Polling page: 0x000002034f970000

Metaspace:

Usage:
  Non-class:     34.73 MB used.
      Class:      5.25 MB used.
       Both:     39.98 MB used.

Virtual space:
  Non-class space:       64.00 MB reserved,      34.94 MB ( 55%) committed,  1 nodes.
      Class space:        1.00 GB reserved,       5.44 MB ( <1%) committed,  1 nodes.
             Both:        1.06 GB reserved,      40.38 MB (  4%) committed. 

Chunk freelists:
   Non-Class:  12.81 MB
       Class:  10.45 MB
        Both:  23.27 MB

MaxMetaspaceSize: unlimited
CompressedClassSpaceSize: 1.00 GB
Initial GC threshold: 21.00 MB
Current GC threshold: 58.69 MB
CDS: on
MetaspaceReclaimPolicy: balanced
 - commit_granule_bytes: 65536.
 - commit_granule_words: 8192.
 - virtual_space_node_default_size: 8388608.
 - enlarge_chunks_in_place: 1.
 - new_chunks_are_fully_committed: 0.
 - uncommit_free_chunks: 1.
 - use_allocation_guard: 0.
 - handle_deallocations: 1.


Internal statistics:

num_allocs_failed_limit: 6.
num_arena_births: 596.
num_arena_deaths: 0.
num_vsnodes_births: 2.
num_vsnodes_deaths: 0.
num_space_committed: 646.
num_space_uncommitted: 0.
num_chunks_returned_to_freelist: 6.
num_chunks_taken_from_freelist: 2073.
num_chunk_merges: 6.
num_chunk_splits: 1432.
num_chunks_enlarged: 1063.
num_inconsistent_stats: 0.

CodeHeap 'non-profiled nmethods': size=120000Kb used=3299Kb max_used=3299Kb free=116701Kb
 bounds [0x0000020360820000, 0x0000020360b60000, 0x0000020367d50000]
CodeHeap 'profiled nmethods': size=120000Kb used=8966Kb max_used=9883Kb free=111033Kb
 bounds [0x0000020358d50000, 0x0000020359710000, 0x0000020360280000]
CodeHeap 'non-nmethods': size=5760Kb used=1250Kb max_used=1297Kb free=4509Kb
 bounds [0x0000020360280000, 0x00000203604f0000, 0x0000020360820000]
 total_blobs=4946 nmethods=4399 adapters=459
 compilation: enabled
              stopped_count=0, restarted_count=0
 full_count=0

Compilation events (20 events):
Event: 62.408 Thread 0x0000020374519600 nmethod 5097 0x00000203609cf890 code [0x00000203609cfa00, 0x00000203609cfb58]
Event: 62.408 Thread 0x0000020374519600 5101       4       sun.security.provider.DigestBase::engineDigest (112 bytes)
Event: 63.334 Thread 0x0000020379a1ae70 nmethod 5098 0x00000203609cf490 code [0x00000203609cf600, 0x00000203609cf798]
Event: 63.334 Thread 0x0000020379a1ae70 5102       4       sun.security.provider.SHA2::resetHashes (19 bytes)
Event: 63.335 Thread 0x0000020379a1ae70 nmethod 5102 0x00000203609cf110 code [0x00000203609cf280, 0x00000203609cf378]
Event: 63.335 Thread 0x0000020379a1ae70 5103       4       sun.security.provider.SHA2::implDigest (98 bytes)
Event: 65.365 Thread 0x0000020374519600 nmethod 5101 0x00000203609cd890 code [0x00000203609cda60, 0x00000203609ce758]
Event: 65.365 Thread 0x0000020374519600 5104       4       sun.security.provider.SHA2::implReset (20 bytes)
Event: 65.366 Thread 0x0000020379a1ae70 nmethod 5103 0x0000020360b47b10 code [0x0000020360b47cc0, 0x0000020360b487b8]
Event: 65.366 Thread 0x0000020379a1ae70 5100       4       sun.security.provider.DigestBase::implCompressMultiBlockCheck (67 bytes)
Event: 65.366 Thread 0x0000020379a1ae70 nmethod 5100 0x0000020360b49010 code [0x0000020360b491a0, 0x0000020360b492d8]
Event: 65.366 Thread 0x0000020379a1ae70 5105   !   4       javax.crypto.Mac::chooseFirstProvider (236 bytes)
Event: 65.366 Thread 0x0000020379a1ae70 nmethod 5105 0x00000203609cd590 code [0x00000203609cd700, 0x00000203609cd798]
Event: 65.366 Thread 0x0000020379a1ae70 5106   !   4       sun.security.provider.DigestBase::engineDigest (39 bytes)
Event: 65.367 Thread 0x0000020374519600 nmethod 5104 0x0000020360b49410 code [0x0000020360b495a0, 0x0000020360b49798]
Event: 65.367 Thread 0x0000020374519600 5107       4       java.security.MessageDigest::digest (49 bytes)
Event: 65.367 Thread 0x0000020379a1ae70 nmethod 5106 0x0000020360b49910 code [0x0000020360b49aa0, 0x0000020360b49c88]
Event: 65.367 Thread 0x0000020379a1ae70 5108       4       java.security.MessageDigest::update (45 bytes)
Event: 65.367 Thread 0x0000020374519600 nmethod 5107 0x0000020360b49e10 code [0x0000020360b49fa0, 0x0000020360b4a0e8]
Event: 65.367 Thread 0x0000020374519600 5109       4       javax.crypto.Mac::update (37 bytes)

GC Heap History (20 events):
Event: 2.651 GC heap before
{Heap before GC invocations=2 (full 0):
 garbage-first heap   total 260096K, used 64520K [0x0000000703600000, 0x0000000800000000)
  region size 2048K, 28 young (57344K), 1 survivors (2048K)
 Metaspace       used 19390K, committed 19648K, reserved 1114112K
  class space    used 2460K, committed 2624K, reserved 1048576K
}
Event: 2.657 GC heap after
{Heap after GC invocations=3 (full 0):
 garbage-first heap   total 260096K, used 13653K [0x0000000703600000, 0x0000000800000000)
  region size 2048K, 3 young (6144K), 3 survivors (6144K)
 Metaspace       used 19390K, committed 19648K, reserved 1114112K
  class space    used 2460K, committed 2624K, reserved 1048576K
}
Event: 3.121 GC heap before
{Heap before GC invocations=3 (full 0):
 garbage-first heap   total 260096K, used 25941K [0x0000000703600000, 0x0000000800000000)
  region size 2048K, 10 young (20480K), 3 survivors (6144K)
 Metaspace       used 21246K, committed 21504K, reserved 1114112K
  class space    used 2682K, committed 2816K, reserved 1048576K
}
Event: 3.135 GC heap after
{Heap after GC invocations=4 (full 0):
 garbage-first heap   total 260096K, used 15675K [0x0000000703600000, 0x0000000800000000)
  region size 2048K, 4 young (8192K), 4 survivors (8192K)
 Metaspace       used 21246K, committed 21504K, reserved 1114112K
  class space    used 2682K, committed 2816K, reserved 1048576K
}
Event: 3.921 GC heap before
{Heap before GC invocations=5 (full 0):
 garbage-first heap   total 61440K, used 42299K [0x0000000703600000, 0x0000000800000000)
  region size 2048K, 18 young (36864K), 4 survivors (8192K)
 Metaspace       used 23691K, committed 24000K, reserved 1114112K
  class space    used 2993K, committed 3136K, reserved 1048576K
}
Event: 3.926 GC heap after
{Heap after GC invocations=6 (full 0):
 garbage-first heap   total 61440K, used 17153K [0x0000000703600000, 0x0000000800000000)
  region size 2048K, 3 young (6144K), 3 survivors (6144K)
 Metaspace       used 23691K, committed 24000K, reserved 1114112K
  class space    used 2993K, committed 3136K, reserved 1048576K
}
Event: 3.996 GC heap before
{Heap before GC invocations=6 (full 0):
 garbage-first heap   total 61440K, used 19201K [0x0000000703600000, 0x0000000800000000)
  region size 2048K, 4 young (8192K), 3 survivors (6144K)
 Metaspace       used 23912K, committed 24192K, reserved 1114112K
  class space    used 3009K, committed 3136K, reserved 1048576K
}
Event: 4.000 GC heap after
{Heap after GC invocations=7 (full 0):
 garbage-first heap   total 61440K, used 17656K [0x0000000703600000, 0x0000000800000000)
  region size 2048K, 1 young (2048K), 1 survivors (2048K)
 Metaspace       used 23912K, committed 24192K, reserved 1114112K
  class space    used 3009K, committed 3136K, reserved 1048576K
}
Event: 5.056 GC heap before
{Heap before GC invocations=7 (full 0):
 garbage-first heap   total 61440K, used 40184K [0x0000000703600000, 0x0000000800000000)
  region size 2048K, 12 young (24576K), 1 survivors (2048K)
 Metaspace       used 26943K, committed 27264K, reserved 1114112K
  class space    used 3442K, committed 3584K, reserved 1048576K
}
Event: 5.058 GC heap after
{Heap after GC invocations=8 (full 0):
 garbage-first heap   total 61440K, used 18691K [0x0000000703600000, 0x0000000800000000)
  region size 2048K, 1 young (2048K), 1 survivors (2048K)
 Metaspace       used 26943K, committed 27264K, reserved 1114112K
  class space    used 3442K, committed 3584K, reserved 1048576K
}
Event: 6.530 GC heap before
{Heap before GC invocations=8 (full 0):
 garbage-first heap   total 61440K, used 41219K [0x0000000703600000, 0x0000000800000000)
  region size 2048K, 12 young (24576K), 1 survivors (2048K)
 Metaspace       used 31123K, committed 31552K, reserved 1114112K
  class space    used 3998K, committed 4224K, reserved 1048576K
}
Event: 6.533 GC heap after
{Heap after GC invocations=9 (full 0):
 garbage-first heap   total 61440K, used 20787K [0x0000000703600000, 0x0000000800000000)
  region size 2048K, 2 young (4096K), 2 survivors (4096K)
 Metaspace       used 31123K, committed 31552K, reserved 1114112K
  class space    used 3998K, committed 4224K, reserved 1048576K
}
Event: 6.874 GC heap before
{Heap before GC invocations=9 (full 0):
 garbage-first heap   total 61440K, used 41267K [0x0000000703600000, 0x0000000800000000)
  region size 2048K, 13 young (26624K), 2 survivors (4096K)
 Metaspace       used 32495K, committed 32960K, reserved 1114112K
  class space    used 4132K, committed 4352K, reserved 1048576K
}
Event: 6.878 GC heap after
{Heap after GC invocations=10 (full 0):
 garbage-first heap   total 61440K, used 27047K [0x0000000703600000, 0x0000000800000000)
  region size 2048K, 2 young (4096K), 2 survivors (4096K)
 Metaspace       used 32495K, committed 32960K, reserved 1114112K
  class space    used 4132K, committed 4352K, reserved 1048576K
}
Event: 7.302 GC heap before
{Heap before GC invocations=10 (full 0):
 garbage-first heap   total 61440K, used 43431K [0x0000000703600000, 0x0000000800000000)
  region size 2048K, 10 young (20480K), 2 survivors (4096K)
 Metaspace       used 33773K, committed 34240K, reserved 1114112K
  class space    used 4299K, committed 4480K, reserved 1048576K
}
Event: 7.306 GC heap after
{Heap after GC invocations=11 (full 0):
 garbage-first heap   total 61440K, used 26694K [0x0000000703600000, 0x0000000800000000)
  region size 2048K, 1 young (2048K), 1 survivors (2048K)
 Metaspace       used 33773K, committed 34240K, reserved 1114112K
  class space    used 4299K, committed 4480K, reserved 1048576K
}
Event: 7.901 GC heap before
{Heap before GC invocations=11 (full 0):
 garbage-first heap   total 61440K, used 36934K [0x0000000703600000, 0x0000000800000000)
  region size 2048K, 7 young (14336K), 1 survivors (2048K)
 Metaspace       used 35501K, committed 35968K, reserved 1114112K
  class space    used 4572K, committed 4800K, reserved 1048576K
}
Event: 7.904 GC heap after
{Heap after GC invocations=12 (full 0):
 garbage-first heap   total 61440K, used 27717K [0x0000000703600000, 0x0000000800000000)
  region size 2048K, 2 young (4096K), 2 survivors (4096K)
 Metaspace       used 35501K, committed 35968K, reserved 1114112K
  class space    used 4572K, committed 4800K, reserved 1048576K
}
Event: 8.822 GC heap before
{Heap before GC invocations=13 (full 0):
 garbage-first heap   total 61440K, used 44101K [0x0000000703600000, 0x0000000800000000)
  region size 2048K, 10 young (20480K), 2 survivors (4096K)
 Metaspace       used 38994K, committed 39488K, reserved 1114112K
  class space    used 5130K, committed 5376K, reserved 1048576K
}
Event: 8.825 GC heap after
{Heap after GC invocations=14 (full 0):
 garbage-first heap   total 61440K, used 29031K [0x0000000703600000, 0x0000000800000000)
  region size 2048K, 2 young (4096K), 2 survivors (4096K)
 Metaspace       used 38994K, committed 39488K, reserved 1114112K
  class space    used 5130K, committed 5376K, reserved 1048576K
}

Dll operation events (9 events):
Event: 0.009 Loaded shared library C:\Program Files\Eclipse Adoptium\jdk-17.0.7.7-hotspot\bin\java.dll
Event: 0.018 Loaded shared library C:\Program Files\Eclipse Adoptium\jdk-17.0.7.7-hotspot\bin\jsvml.dll
Event: 0.115 Loaded shared library C:\Program Files\Eclipse Adoptium\jdk-17.0.7.7-hotspot\bin\net.dll
Event: 0.117 Loaded shared library C:\Program Files\Eclipse Adoptium\jdk-17.0.7.7-hotspot\bin\nio.dll
Event: 0.120 Loaded shared library C:\Program Files\Eclipse Adoptium\jdk-17.0.7.7-hotspot\bin\zip.dll
Event: 0.231 Loaded shared library C:\Program Files\Eclipse Adoptium\jdk-17.0.7.7-hotspot\bin\jimage.dll
Event: 0.531 Loaded shared library C:\Program Files\Eclipse Adoptium\jdk-17.0.7.7-hotspot\bin\management.dll
Event: 0.533 Loaded shared library C:\Program Files\Eclipse Adoptium\jdk-17.0.7.7-hotspot\bin\management_ext.dll
Event: 2.968 Loaded shared library C:\Program Files\Eclipse Adoptium\jdk-17.0.7.7-hotspot\bin\sunmscapi.dll

Deoptimization events (20 events):
Event: 17.629 Thread 0x0000020379a219f0 DEOPT PACKING pc=0x00000203609e73bc sp=0x0000000bf72fbc00
Event: 17.629 Thread 0x0000020379a219f0 DEOPT UNPACKING pc=0x00000203602da1a3 sp=0x0000000bf72fbb48 mode 2
Event: 17.881 Thread 0x000002037adf96a0 DEOPT PACKING pc=0x000002035916abea sp=0x0000000bf78fef10
Event: 17.881 Thread 0x000002037adf96a0 DEOPT UNPACKING pc=0x00000203602dace3 sp=0x0000000bf78fe3a0 mode 3
Event: 19.699 Thread 0x0000020379a219f0 Uncommon trap: trap_request=0xffffffde fr.pc=0x0000020360946370 relative=0x00000000000002d0
Event: 19.699 Thread 0x0000020379a219f0 Uncommon trap: reason=class_check action=maybe_recompile pc=0x0000020360946370 method=java.util.stream.StreamOpFlag.fromCharacteristics(Ljava/util/Spliterator;)I @ 14 c2
Event: 19.699 Thread 0x0000020379a219f0 DEOPT PACKING pc=0x0000020360946370 sp=0x0000000bf72fba90
Event: 19.699 Thread 0x0000020379a219f0 DEOPT UNPACKING pc=0x00000203602da1a3 sp=0x0000000bf72fb9d0 mode 2
Event: 43.308 Thread 0x0000020379a219f0 Uncommon trap: trap_request=0xffffff45 fr.pc=0x0000020360ac56f8 relative=0x0000000000001838
Event: 43.308 Thread 0x0000020379a219f0 Uncommon trap: reason=unstable_if action=reinterpret pc=0x0000020360ac56f8 method=java.lang.String.<init>([BIILjava/nio/charset/Charset;)V @ 62 c2
Event: 43.308 Thread 0x0000020379a219f0 DEOPT PACKING pc=0x0000020360ac56f8 sp=0x0000000bf72fb070
Event: 43.309 Thread 0x0000020379a219f0 DEOPT UNPACKING pc=0x00000203602da1a3 sp=0x0000000bf72fb008 mode 2
Event: 52.660 Thread 0x0000020379a219f0 Uncommon trap: trap_request=0xffffff45 fr.pc=0x0000020360932280 relative=0x0000000000001740
Event: 52.660 Thread 0x0000020379a219f0 Uncommon trap: reason=unstable_if action=reinterpret pc=0x0000020360932280 method=java.net.URLStreamHandler.parseURL(Ljava/net/URL;Ljava/lang/String;II)V @ 155 c2
Event: 52.660 Thread 0x0000020379a219f0 DEOPT PACKING pc=0x0000020360932280 sp=0x0000000bf72fa280
Event: 52.660 Thread 0x0000020379a219f0 DEOPT UNPACKING pc=0x00000203602da1a3 sp=0x0000000bf72fa258 mode 2
Event: 52.661 Thread 0x0000020379a219f0 Uncommon trap: trap_request=0xffffff45 fr.pc=0x00000203608f3d5c relative=0x0000000000000a1c
Event: 52.661 Thread 0x0000020379a219f0 Uncommon trap: reason=unstable_if action=reinterpret pc=0x00000203608f3d5c method=sun.net.util.IPAddressUtil.scan(Ljava/lang/String;JJ[C)I @ 14 c2
Event: 52.661 Thread 0x0000020379a219f0 DEOPT PACKING pc=0x00000203608f3d5c sp=0x0000000bf72fa1a0
Event: 52.661 Thread 0x0000020379a219f0 DEOPT UNPACKING pc=0x00000203602da1a3 sp=0x0000000bf72fa070 mode 2

Classes unloaded (0 events):
No events

Classes redefined (0 events):
No events

Internal exceptions (20 events):
Event: 7.181 Thread 0x0000020379a219f0 Exception <a 'java/lang/IncompatibleClassChangeError'{0x000000070628c040}: Found class java.lang.Object, but interface was expected> (0x000000070628c040) 
thrown [s\src\hotspot\share\interpreter\linkResolver.cpp, line 826]
Event: 7.191 Thread 0x0000020379a219f0 Exception <a 'java/lang/IncompatibleClassChangeError'{0x00000007062c57d0}: Found class java.lang.Object, but interface was expected> (0x00000007062c57d0) 
thrown [s\src\hotspot\share\interpreter\linkResolver.cpp, line 826]
Event: 7.594 Thread 0x0000020379a219f0 Exception <a 'java/lang/NoSuchMethodError'{0x0000000712112d38}: 'long java.lang.invoke.DirectMethodHandle$Holder.invokeVirtual(java.lang.Object, java.lang.Object)'> (0x0000000712112d38) 
thrown [s\src\hotspot\share\interpreter\linkResolver.cpp, line 759]
Event: 7.602 Thread 0x0000020379a219f0 Exception <a 'java/io/FileNotFoundException'{0x0000000712140160}> (0x0000000712140160) 
thrown [s\src\hotspot\share\prims\jni.cpp, line 516]
Event: 8.172 Thread 0x0000020379a219f0 Implicit null exception at 0x0000020360abadec to 0x0000020360abae94
Event: 8.200 Thread 0x0000020379a219f0 Implicit null exception at 0x000002036083cef2 to 0x000002036083d544
Event: 8.201 Thread 0x0000020379a219f0 Implicit null exception at 0x000002036083c272 to 0x000002036083c8d8
Event: 8.222 Thread 0x0000020379a219f0 Exception <a 'java/lang/NoSuchMethodError'{0x00000007122b57e0}: 'double java.lang.invoke.DirectMethodHandle$Holder.invokeVirtual(java.lang.Object, java.lang.Object)'> (0x00000007122b57e0) 
thrown [s\src\hotspot\share\interpreter\linkResolver.cpp, line 759]
Event: 8.277 Thread 0x0000020379a219f0 Exception <a 'java/lang/NoSuchMethodError'{0x00000007123ae130}: 'long java.lang.invoke.DirectMethodHandle$Holder.invokeStatic(java.lang.Object)'> (0x00000007123ae130) 
thrown [s\src\hotspot\share\interpreter\linkResolver.cpp, line 759]
Event: 8.492 Thread 0x000002037adfa9e0 Exception <a 'java/lang/reflect/InvocationTargetException'{0x00000007120c0188}> (0x00000007120c0188) 
thrown [s\src\hotspot\share\runtime\reflection.cpp, line 1121]
Event: 8.492 Thread 0x000002037adfb380 Exception <a 'java/lang/reflect/InvocationTargetException'{0x0000000712183598}> (0x0000000712183598) 
thrown [s\src\hotspot\share\runtime\reflection.cpp, line 1121]
Event: 8.524 Thread 0x0000020379a219f0 Exception <a 'java/lang/IncompatibleClassChangeError'{0x0000000711ffdcd8}: Found class java.lang.Object, but interface was expected> (0x0000000711ffdcd8) 
thrown [s\src\hotspot\share\interpreter\linkResolver.cpp, line 826]
Event: 8.568 Thread 0x0000020379a219f0 Implicit null exception at 0x0000020360a19103 to 0x0000020360a192b4
Event: 8.574 Thread 0x0000020379a219f0 Exception <a 'sun/nio/fs/WindowsException'{0x00000007067330e0}> (0x00000007067330e0) 
thrown [s\src\hotspot\share\prims\jni.cpp, line 516]
Event: 8.595 Thread 0x0000020379a219f0 Exception <a 'java/lang/IncompatibleClassChangeError'{0x0000000706795b18}: Found class java.lang.Object, but interface was expected> (0x0000000706795b18) 
thrown [s\src\hotspot\share\interpreter\linkResolver.cpp, line 826]
Event: 8.781 Thread 0x0000020379a219f0 Exception <a 'java/lang/IncompatibleClassChangeError'{0x0000000705e20820}: Found class java.lang.Object, but interface was expected> (0x0000000705e20820) 
thrown [s\src\hotspot\share\interpreter\linkResolver.cpp, line 826]
Event: 8.839 Thread 0x0000020379a219f0 Implicit null exception at 0x0000020360980dd6 to 0x000002036098103c
Event: 10.882 Thread 0x0000020379a219f0 Exception <a 'java/lang/NoSuchMethodError'{0x00000007122c1730}: 'java.lang.Object java.lang.invoke.DirectMethodHandle$Holder.newInvokeSpecial(java.lang.Object, long)'> (0x00000007122c1730) 
thrown [s\src\hotspot\share\interpreter\linkResolver.cpp, line 759]
Event: 25.251 Thread 0x0000020379a219f0 Exception <a 'java/lang/reflect/InvocationTargetException'{0x0000000711f7a490}> (0x0000000711f7a490) 
thrown [s\src\hotspot\share\runtime\reflection.cpp, line 1121]
Event: 45.942 Thread 0x0000020379a219f0 Exception <a 'sun/nio/fs/WindowsException'{0x0000000711fb9ae8}> (0x0000000711fb9ae8) 
thrown [s\src\hotspot\share\prims\jni.cpp, line 516]

VM Operations (20 events):
Event: 19.007 Executing VM operation: Cleanup
Event: 19.699 Executing VM operation: Cleanup done
Event: 26.727 Executing VM operation: Cleanup
Event: 26.727 Executing VM operation: Cleanup done
Event: 28.758 Executing VM operation: Cleanup
Event: 28.758 Executing VM operation: Cleanup done
Event: 47.459 Executing VM operation: HandshakeAllThreads
Event: 47.460 Executing VM operation: HandshakeAllThreads done
Event: 49.467 Executing VM operation: Cleanup
Event: 49.513 Executing VM operation: Cleanup done
Event: 52.524 Executing VM operation: Cleanup
Event: 52.660 Executing VM operation: Cleanup done
Event: 52.660 Executing VM operation: HandshakeAllThreads
Event: 52.660 Executing VM operation: HandshakeAllThreads done
Event: 56.676 Executing VM operation: Cleanup
Event: 57.175 Executing VM operation: Cleanup done
Event: 58.178 Executing VM operation: Cleanup
Event: 58.178 Executing VM operation: Cleanup done
Event: 59.190 Executing VM operation: Cleanup
Event: 59.190 Executing VM operation: Cleanup done

Events (20 events):
Event: 51.227 loading class java/net/spi/URLStreamHandlerProvider
Event: 51.891 loading class java/net/spi/URLStreamHandlerProvider done
Event: 51.891 loading class sun/net/www/protocol/http/Handler
Event: 52.655 loading class sun/net/www/protocol/http/Handler done
Event: 52.661 loading class javax/crypto/JceSecurity$IdentityWrapper
Event: 52.661 loading class javax/crypto/JceSecurity$IdentityWrapper done
Event: 52.661 loading class javax/crypto/JceSecurity$2
Event: 52.661 loading class javax/crypto/JceSecurity$2 done
Event: 52.661 loading class java/security/AllPermissionCollection
Event: 53.454 loading class java/security/AllPermissionCollection done
Event: 53.455 loading class javax/crypto/ProviderVerifier
Event: 54.018 loading class javax/crypto/ProviderVerifier done
Event: 54.018 loading class com/sun/crypto/provider/HmacCore$HmacSHA256
Event: 54.929 loading class com/sun/crypto/provider/HmacCore
Event: 56.153 loading class javax/crypto/MacSpi
Event: 56.154 loading class javax/crypto/MacSpi done
Event: 56.154 loading class com/sun/crypto/provider/HmacCore done
Event: 56.154 loading class com/sun/crypto/provider/HmacCore$HmacSHA256 done
Event: 56.158 Thread 0x0000020379a1a960 Thread added: 0x0000020379a1a960
Event: 57.202 Thread 0x0000020379a1ae70 Thread added: 0x0000020379a1ae70


Dynamic libraries:
0x00007ff6591e0000 - 0x00007ff6591ee000 	C:\Program Files\Eclipse Adoptium\jdk-17.0.7.7-hotspot\bin\java.exe
0x00007ffceab40000 - 0x00007ffceada5000 	C:\WINDOWS\SYSTEM32\ntdll.dll
0x00007ffcea750000 - 0x00007ffcea819000 	C:\WINDOWS\System32\KERNEL32.DLL
0x00007ffce8150000 - 0x00007ffce8538000 	C:\WINDOWS\System32\KERNELBASE.dll
0x00007ffce7e90000 - 0x00007ffce7fdb000 	C:\WINDOWS\System32\ucrtbase.dll
0x00007ffcce4c0000 - 0x00007ffcce4d7000 	C:\Program Files\Eclipse Adoptium\jdk-17.0.7.7-hotspot\bin\jli.dll
0x00007ffcce4a0000 - 0x00007ffcce4b9000 	C:\Program Files\Eclipse Adoptium\jdk-17.0.7.7-hotspot\bin\VCRUNTIME140.dll
0x00007ffcea580000 - 0x00007ffcea74a000 	C:\WINDOWS\System32\USER32.dll
0x00007ffcca800000 - 0x00007ffccaa9a000 	C:\WINDOWS\WinSxS\amd64_microsoft.windows.common-controls_6595b64144ccf1df_6.0.26100.4202_none_3e0698d4e335f517\COMCTL32.dll
0x00007ffce8090000 - 0x00007ffce80b7000 	C:\WINDOWS\System32\win32u.dll
0x00007ffcea000000 - 0x00007ffcea0a9000 	C:\WINDOWS\System32\msvcrt.dll
0x00007ffceaad0000 - 0x00007ffceaafb000 	C:\WINDOWS\System32\GDI32.dll
0x00007ffce7d50000 - 0x00007ffce7e87000 	C:\WINDOWS\System32\gdi32full.dll
0x00007ffce7fe0000 - 0x00007ffce8083000 	C:\WINDOWS\System32\msvcp_win.dll
0x00007ffce8d50000 - 0x00007ffce8d80000 	C:\WINDOWS\System32\IMM32.DLL
0x00007ffcdf730000 - 0x00007ffcdf73c000 	C:\Program Files\Eclipse Adoptium\jdk-17.0.7.7-hotspot\bin\vcruntime140_1.dll
0x00007ffc4f240000 - 0x00007ffc4f2d1000 	C:\Program Files\Eclipse Adoptium\jdk-17.0.7.7-hotspot\bin\msvcp140.dll
0x00007ffc0e8c0000 - 0x00007ffc0f508000 	C:\Program Files\Eclipse Adoptium\jdk-17.0.7.7-hotspot\bin\server\jvm.dll
0x00007ffce88e0000 - 0x00007ffce8993000 	C:\WINDOWS\System32\ADVAPI32.dll
0x00007ffcea0b0000 - 0x00007ffcea156000 	C:\WINDOWS\System32\sechost.dll
0x00007ffcea920000 - 0x00007ffceaa35000 	C:\WINDOWS\System32\RPCRT4.dll
0x00007ffcdaf80000 - 0x00007ffcdaf8b000 	C:\WINDOWS\SYSTEM32\VERSION.dll
0x00007ffcdb2f0000 - 0x00007ffcdb325000 	C:\WINDOWS\SYSTEM32\WINMM.dll
0x00007ffcc9f60000 - 0x00007ffcc9f6a000 	C:\WINDOWS\SYSTEM32\WSOCK32.dll
0x00007ffce91d0000 - 0x00007ffce9244000 	C:\WINDOWS\System32\WS2_32.dll
0x00007ffce6a10000 - 0x00007ffce6a2b000 	C:\WINDOWS\SYSTEM32\kernel.appcore.dll
0x00007ffcde960000 - 0x00007ffcde96a000 	C:\Program Files\Eclipse Adoptium\jdk-17.0.7.7-hotspot\bin\jimage.dll
0x00007ffce4f20000 - 0x00007ffce5161000 	C:\WINDOWS\SYSTEM32\DBGHELP.DLL
0x00007ffce89a0000 - 0x00007ffce8d25000 	C:\WINDOWS\System32\combase.dll
0x00007ffce90e0000 - 0x00007ffce91c1000 	C:\WINDOWS\System32\OLEAUT32.dll
0x00007ffcc7510000 - 0x00007ffcc7549000 	C:\WINDOWS\SYSTEM32\dbgcore.DLL
0x00007ffce8540000 - 0x00007ffce85d9000 	C:\WINDOWS\System32\bcryptPrimitives.dll
0x00007ffcce100000 - 0x00007ffcce125000 	C:\Program Files\Eclipse Adoptium\jdk-17.0.7.7-hotspot\bin\java.dll
0x00007ffc47770000 - 0x00007ffc47846000 	C:\Program Files\Eclipse Adoptium\jdk-17.0.7.7-hotspot\bin\jsvml.dll
0x00007ffce98a0000 - 0x00007ffce9fe2000 	C:\WINDOWS\System32\SHELL32.dll
0x00007ffce8760000 - 0x00007ffce88d4000 	C:\WINDOWS\System32\wintypes.dll
0x00007ffce58b0000 - 0x00007ffce6107000 	C:\WINDOWS\SYSTEM32\windows.storage.dll
0x00007ffce9250000 - 0x00007ffce9341000 	C:\WINDOWS\System32\SHCORE.dll
0x00007ffcea3f0000 - 0x00007ffcea45a000 	C:\WINDOWS\System32\shlwapi.dll
0x00007ffce7ba0000 - 0x00007ffce7bcf000 	C:\WINDOWS\SYSTEM32\profapi.dll
0x00007ffcce430000 - 0x00007ffcce449000 	C:\Program Files\Eclipse Adoptium\jdk-17.0.7.7-hotspot\bin\net.dll
0x00007ffcdf8f0000 - 0x00007ffcdfa0e000 	C:\WINDOWS\SYSTEM32\WINHTTP.dll
0x00007ffce6f60000 - 0x00007ffce6fca000 	C:\WINDOWS\system32\mswsock.dll
0x00007ffcb64d0000 - 0x00007ffcb64e5000 	C:\Program Files\Eclipse Adoptium\jdk-17.0.7.7-hotspot\bin\nio.dll
0x00007ffcb5e70000 - 0x00007ffcb5e88000 	C:\Program Files\Eclipse Adoptium\jdk-17.0.7.7-hotspot\bin\zip.dll
0x00007ffcde8f0000 - 0x00007ffcde8f9000 	C:\Program Files\Eclipse Adoptium\jdk-17.0.7.7-hotspot\bin\management.dll
0x00007ffcde7c0000 - 0x00007ffcde7cb000 	C:\Program Files\Eclipse Adoptium\jdk-17.0.7.7-hotspot\bin\management_ext.dll
0x00007ffce9400000 - 0x00007ffce9408000 	C:\WINDOWS\System32\PSAPI.DLL
0x00007ffcd3b30000 - 0x00007ffcd3b3e000 	C:\Program Files\Eclipse Adoptium\jdk-17.0.7.7-hotspot\bin\sunmscapi.dll
0x00007ffce85e0000 - 0x00007ffce8757000 	C:\WINDOWS\System32\CRYPT32.dll
0x00007ffce75b0000 - 0x00007ffce75e0000 	C:\WINDOWS\SYSTEM32\ncrypt.dll
0x00007ffce7560000 - 0x00007ffce759f000 	C:\WINDOWS\SYSTEM32\NTASN1.dll
0x00007ffce73b0000 - 0x00007ffce73cb000 	C:\WINDOWS\SYSTEM32\CRYPTSP.dll
0x00007ffce6970000 - 0x00007ffce69aa000 	C:\WINDOWS\system32\rsaenh.dll
0x00007ffce7000000 - 0x00007ffce702b000 	C:\WINDOWS\SYSTEM32\USERENV.dll
0x00007ffce7b70000 - 0x00007ffce7b96000 	C:\WINDOWS\SYSTEM32\bcrypt.dll
0x00007ffce71a0000 - 0x00007ffce71ac000 	C:\WINDOWS\SYSTEM32\CRYPTBASE.dll
0x00007ffce6420000 - 0x00007ffce6453000 	C:\WINDOWS\SYSTEM32\IPHLPAPI.DLL
0x00007ffce8d40000 - 0x00007ffce8d4a000 	C:\WINDOWS\System32\NSI.dll
0x00007ffcdfbc0000 - 0x00007ffcdfbdf000 	C:\WINDOWS\SYSTEM32\dhcpcsvc6.DLL
0x00007ffcdfb90000 - 0x00007ffcdfbb5000 	C:\WINDOWS\SYSTEM32\dhcpcsvc.DLL
0x00007ffce6460000 - 0x00007ffce6587000 	C:\WINDOWS\SYSTEM32\DNSAPI.dll
0x00007ffcde3d0000 - 0x00007ffcde3db000 	C:\Windows\System32\rasadhlp.dll
0x00007ffce1870000 - 0x00007ffce18f6000 	C:\WINDOWS\System32\fwpuclnt.dll

dbghelp: loaded successfully - version: 4.0.5 - missing functions: none
symbol engine: initialized successfully - sym options: 0x614 - pdb path: .;C:\Program Files\Eclipse Adoptium\jdk-17.0.7.7-hotspot\bin;C:\WINDOWS\SYSTEM32;C:\WINDOWS\WinSxS\amd64_microsoft.windows.common-controls_6595b64144ccf1df_6.0.26100.4202_none_3e0698d4e335f517;C:\Program Files\Eclipse Adoptium\jdk-17.0.7.7-hotspot\bin\server

VM Arguments:
jvm_args: -XX:+ShowCodeDetailsInExceptionMessages 
java_command: com.carburant.backend.BackendApplication
java_class_path (initial): C:\Users\ala\Downloads\test\backend\target\classes;C:\Users\ala\.m2\repository\org\springframework\boot\spring-boot-starter-data-mongodb\3.2.4\spring-boot-starter-data-mongodb-3.2.4.jar;C:\Users\ala\.m2\repository\org\springframework\boot\spring-boot-starter\3.2.4\spring-boot-starter-3.2.4.jar;C:\Users\ala\.m2\repository\org\springframework\boot\spring-boot-starter-logging\3.2.4\spring-boot-starter-logging-3.2.4.jar;C:\Users\ala\.m2\repository\ch\qos\logback\logback-classic\1.4.14\logback-classic-1.4.14.jar;C:\Users\ala\.m2\repository\ch\qos\logback\logback-core\1.4.14\logback-core-1.4.14.jar;C:\Users\ala\.m2\repository\org\apache\logging\log4j\log4j-to-slf4j\2.21.1\log4j-to-slf4j-2.21.1.jar;C:\Users\ala\.m2\repository\org\slf4j\jul-to-slf4j\2.0.12\jul-to-slf4j-2.0.12.jar;C:\Users\ala\.m2\repository\jakarta\annotation\jakarta.annotation-api\2.1.1\jakarta.annotation-api-2.1.1.jar;C:\Users\ala\.m2\repository\org\yaml\snakeyaml\2.2\snakeyaml-2.2.jar;C:\Users\ala\.m2\repository\org\mongodb\mongodb-driver-sync\4.11.1\mongodb-driver-sync-4.11.1.jar;C:\Users\ala\.m2\repository\org\mongodb\bson\4.11.1\bson-4.11.1.jar;C:\Users\ala\.m2\repository\org\mongodb\mongodb-driver-core\4.11.1\mongodb-driver-core-4.11.1.jar;C:\Users\ala\.m2\repository\org\mongodb\bson-record-codec\4.11.1\bson-record-codec-4.11.1.jar;C:\Users\ala\.m2\repository\org\springframework\data\spring-data-mongodb\4.2.4\spring-data-mongodb-4.2.4.jar;C:\Users\ala\.m2\repository\org\springframework\spring-tx\6.1.5\spring-tx-6.1.5.jar;C:\Users\ala\.m2\repository\org\springframework\spring-context\6.1.5\spring-context-6.1.5.jar;C:\Users\ala\.m2\repository\org\springframework\spring-beans\6.1.5\spring-beans-6.1.5.jar;C:\Users\ala\.m2\repository\org\springframework\spring-expression\6.1.5\spring-expression-6.1.5.jar;C:\Users\ala\.m2\repository\org\springframework\data\spring-data-commons\3.2.4\spring-data-commons-3.2.4.jar;C:\Users\ala\.m2\repository\org\springframework\boot\spring-boot-s
Launcher Type: SUN_STANDARD

[Global flags]
     intx CICompilerCount                          = 4                                         {product} {ergonomic}
     uint ConcGCThreads                            = 2                                         {product} {ergonomic}
     uint G1ConcRefinementThreads                  = 8                                         {product} {ergonomic}
   size_t G1HeapRegionSize                         = 2097152                                   {product} {ergonomic}
    uintx GCDrainStackTargetSize                   = 64                                        {product} {ergonomic}
   size_t InitialHeapSize                          = 266338304                                 {product} {ergonomic}
   size_t MarkStackSize                            = 4194304                                   {product} {ergonomic}
   size_t MaxHeapSize                              = 4238344192                                {product} {ergonomic}
   size_t MaxNewSize                               = 2541748224                                {product} {ergonomic}
   size_t MinHeapDeltaBytes                        = 2097152                                   {product} {ergonomic}
   size_t MinHeapSize                              = 8388608                                   {product} {ergonomic}
    uintx NonNMethodCodeHeapSize                   = 5839372                                {pd product} {ergonomic}
    uintx NonProfiledCodeHeapSize                  = 122909434                              {pd product} {ergonomic}
    uintx ProfiledCodeHeapSize                     = 122909434                              {pd product} {ergonomic}
    uintx ReservedCodeCacheSize                    = 251658240                              {pd product} {ergonomic}
     bool SegmentedCodeCache                       = true                                      {product} {ergonomic}
     bool ShowCodeDetailsInExceptionMessages       = true                                   {manageable} {command line}
   size_t SoftMaxHeapSize                          = 4238344192                             {manageable} {ergonomic}
     bool UseCompressedClassPointers               = true                           {product lp64_product} {ergonomic}
     bool UseCompressedOops                        = true                           {product lp64_product} {ergonomic}
     bool UseG1GC                                  = true                                      {product} {ergonomic}
     bool UseLargePagesIndividualAllocation        = false                                  {pd product} {ergonomic}

Logging:
Log output configuration:
 #0: stdout all=warning uptime,level,tags
 #1: stderr all=off uptime,level,tags

Environment Variables:
PATH=C:\Program Files\PowerShell\7;C:\Program Files\Microsoft MPI\Bin\iles\ImageMagick-7.1.1-Q16-HDRIiles\NVIDIA\CUDNN\v9.8\bin;c:\Users\ala\AppData\Local\Programs\cursor\resources\app\biniles\Python311\Scripts\iles\Python311\iles\Eclipse Adoptium\jdk-17.0.7.7-hotspot\biniles\Common Files\Oracle\Java\javapath;C:\Windows\system32;C:\Windows;C:\Windows\System32\Wbem;C:\Windows\System32\WindowsPowerShell\v1.0\;C:\Windows\System32\OpenSSH\iles (x86)\NVIDIA Corporation\PhysX\Commoniles\NVIDIA Corporation\NVIDIA NvDLISR;C:\WINDOWS\system32;C:\WINDOWS;C:\WINDOWS\System32\Wbem;C:\WINDOWS\System32\WindowsPowerShell\v1.0\;C:\WINDOWS\System32\OpenSSH\iles\Java\jdk-19\bin;C:\ProgramData\Microsoft\Windows\Start Menu\Programs\MySQLiles\Microsoft SQL Server\150\Tools\Binn\iles\dotnet\iles (x86)\MINI-REFPROP;C:\ProgramData\chocolatey\bin;C:\Users\ala\AppData\Roaming\nvmiles\nodejsiles\Apache\maven\apache-maven-3.9.9\bin;C:\Program Files\Apache\maven\apache-maven-3.9.9\bin;C:\Program Files\Apache\maven\apache-maven-3.9.9\bin;C:\Program Files\Maven\apache-maven-3.9.9\bin;C:\Users\ala\AppData\Local\Programs\Python\Python313\Scripts\;C:\Users\ala\AppData\Local\Programs\Python\Python313\;C:\Program Files\MySQL\MySQL Shell 8.0\bin\;C:\Users\ala\AppData\Local\pnpm;C:\Program Files\Python311\Scripts\;C:\Program Files\Python311\;C:\Program Files\Eclipse Adoptium\jdk-17.0.7.7-hotspot\bin;C:\Program Files\Common Files\Oracle\Java\javapath;C:\Windows\System32\OpenSSH\;C:\Program Files (x86)\NVIDIA Corporation\PhysX\Common;C:\Program Files\NVIDIA Corporation\NVIDIA NvDLISR;C:\WINDOWS\System32\OpenSSH\;C:\Program Files\Java\jdk-19\bin;C:\ProgramData\Microsoft\Windows\Start Menu\Programs\MySQL;C:\Program Files\MATLAB\R2023a\bin;C:\Program Files\Microsoft SQL Server\150\Tools\Binn\;C:\Program Files\dotnet\;C:\Program Files\Git\cmd;C:\Program Files (x86)\MINI-REFPROP;C:\Program Files\PowerShell\7\;C:\Program Files (x86)\NVIDIA Corporation\Ph;C:\Users\ala\AppData\Roaming\Microsoft\Windows\Start Menu\Pr
USERNAME=ala
LANG=en_US.UTF-8
OS=Windows_NT
PROCESSOR_IDENTIFIER=Intel64 Family 6 Model 140 Stepping 2, GenuineIntel
TMP=C:\Users\ala\AppData\Local\Temp
TEMP=C:\Users\ala\AppData\Local\Temp



---------------  S Y S T E M  ---------------

OS:
 Windows 11 , 64 bit Build 26100 (10.0.26100.4202)
OS uptime: 0 days 3:52 hours
Hyper-V role detected

CPU: total 8 (initial active 8) (4 cores per cpu, 2 threads per core) family 6 model 140 stepping 2 microcode 0x16, cx8, cmov, fxsr, ht, mmx, 3dnowpref, sse, sse2, sse3, ssse3, sse4.1, sse4.2, popcnt, lzcnt, tsc, tscinvbit, avx, avx2, aes, erms, clmul, bmi1, bmi2, adx, avx512f, avx512dq, avx512cd, avx512bw, avx512vl, sha, fma, vzeroupper, avx512_vpopcntdq, avx512_vpclmulqdq, avx512_vaes, avx512_vnni, clflush, clflushopt, clwb, avx512_vbmi2, avx512_vbmi, hv

Memory: 4k page, system-wide physical 16167M (1582M free)
TotalPageFile size 36374M (AvailPageFile size 1223M)
current process WorkingSet (physical memory assigned to process): 192M, peak: 252M
current process commit charge ("private bytes"): 228M, peak: 418M

vm_info: OpenJDK 64-Bit Server VM (17.0.7+7) for windows-amd64 JRE (17.0.7+7), built on Apr 18 2023 22:10:42 by "temurin" with MS VC++ 16.7 (VS2019)

END.
