#
# There is insufficient memory for the Java Runtime Environment to continue.
# Native memory allocation (mmap) failed to map 1012924416 bytes for G1 virtual space
# Possible reasons:
#   The system is out of physical RAM or swap space
#   The process is running with CompressedOops enabled, and the Java Heap may be blocking the growth of the native heap
# Possible solutions:
#   Reduce memory load on the system
#   Increase physical memory or swap space
#   Check if swap backing store is full
#   Decrease Java heap size (-Xmx/-Xms)
#   Decrease number of Java threads
#   Decrease Java thread stack sizes (-Xss)
#   Set larger code cache with -XX:ReservedCodeCacheSize=
#   JVM is running with Zero Based Compressed Oops mode in which the Java heap is
#     placed in the first 32GB address space. The Java Heap base address is the
#     maximum limit for the native heap growth. Please use -XX:HeapBaseMinAddress
#     to set the Java Heap base and to place the Java Heap above 32GB virtual address.
# This output file may be truncated or incomplete.
#
#  Out of Memory Error (os_windows.cpp:3559), pid=1960, tid=19964
#
# JRE version: OpenJDK Runtime Environment Temurin-17.0.7+7 (17.0.7+7) (build 17.0.7+7)
# Java VM: OpenJDK 64-Bit Server VM Temurin-17.0.7+7 (17.0.7+7, mixed mode, sharing, tiered, compressed oops, compressed class ptrs, g1 gc, windows-amd64)
# No core dump will be written. Minidumps are not enabled by default on client versions of Windows
#

---------------  S U M M A R Y ------------

Command Line: -XX:+ShowCodeDetailsInExceptionMessages com.carburant.backend.BackendApplication

Host: 11th Gen Intel(R) Core(TM) i5-11320H @ 3.20GHz, 8 cores, 15G,  Windows 11 , 64 bit Build 26100 (10.0.26100.4202)
Time: Mon Jun  2 08:52:22 2025 W. Central Africa Standard Time elapsed time: 41917.677130 seconds (0d 11h 38m 37s)

---------------  T H R E A D  ---------------

Current thread (0x0000016cdf2b1af0):  VMThread "VM Thread" [stack: 0x0000005126b00000,0x0000005126c00000] [id=19964]

Stack: [0x0000005126b00000,0x0000005126c00000]
Native frames: (J=compiled Java code, j=interpreted, Vv=VM code, C=native code)
V  [jvm.dll+0x67754a]
V  [jvm.dll+0x834304]
V  [jvm.dll+0x835aae]
V  [jvm.dll+0x836113]
V  [jvm.dll+0x24696f]
V  [jvm.dll+0x6743f9]
V  [jvm.dll+0x668c8a]
V  [jvm.dll+0x3061bb]
V  [jvm.dll+0x30d6a6]
V  [jvm.dll+0x35cece]
V  [jvm.dll+0x35d0ff]
V  [jvm.dll+0x2dd048]
V  [jvm.dll+0x2db20c]
V  [jvm.dll+0x2da7dc]
V  [jvm.dll+0x31e6db]
V  [jvm.dll+0x83a5bb]
V  [jvm.dll+0x83b2f4]
V  [jvm.dll+0x83b80c]
V  [jvm.dll+0x83bbe4]
V  [jvm.dll+0x83bcb0]
V  [jvm.dll+0x7e4e7a]
V  [jvm.dll+0x676395]
C  [ucrtbase.dll+0x37b0]
C  [KERNEL32.DLL+0x2e8d7]
C  [ntdll.dll+0x3c34c]

VM_Operation (0x00000051293faf00): G1CollectForAllocation, mode: safepoint, requested by thread 0x0000016ce6f40b60


---------------  P R O C E S S  ---------------

Threads class SMR info:
_java_thread_list=0x0000016ce51b9130, length=35, elements={
0x0000016cdf2b85d0, 0x0000016cdf2b9180, 0x0000016cdf942860, 0x0000016cdf943210,
0x0000016cdf946be0, 0x0000016cdf947590, 0x0000016cdf94e790, 0x0000016cdf957190,
0x0000016cdf960350, 0x0000016cdfa96430, 0x0000016cdfaa7900, 0x0000016ce8598f70,
0x0000016ce85968f0, 0x0000016ce859b5f0, 0x0000016ce528fbb0, 0x0000016ce56c9a20,
0x0000016ce55398e0, 0x0000016ce5538a70, 0x0000016ce5538f40, 0x0000016ce5539410,
0x0000016ce55385a0, 0x0000016ce7324be0, 0x0000016ce7324710, 0x0000016ce5b9af70,
0x0000016ce5b9b910, 0x0000016ce5408b40, 0x0000016ce54081a0, 0x0000016ce54099b0,
0x0000016ce55380d0, 0x0000016ce6f40b60, 0x0000016ce6f3e9b0, 0x0000016ce6f3fcf0,
0x0000016ce6f3ee80, 0x0000016ce7340ec0, 0x0000016ce73426d0
}

Java Threads: ( => current thread )
  0x0000016cdf2b85d0 JavaThread "Reference Handler" daemon [_thread_blocked, id=19960, stack(0x0000005126c00000,0x0000005126d00000)]
  0x0000016cdf2b9180 JavaThread "Finalizer" daemon [_thread_blocked, id=25792, stack(0x0000005126d00000,0x0000005126e00000)]
  0x0000016cdf942860 JavaThread "Signal Dispatcher" daemon [_thread_blocked, id=15148, stack(0x0000005126e00000,0x0000005126f00000)]
  0x0000016cdf943210 JavaThread "Attach Listener" daemon [_thread_blocked, id=11160, stack(0x0000005126f00000,0x0000005127000000)]
  0x0000016cdf946be0 JavaThread "Service Thread" daemon [_thread_blocked, id=6072, stack(0x0000005127000000,0x0000005127100000)]
  0x0000016cdf947590 JavaThread "Monitor Deflation Thread" daemon [_thread_blocked, id=25592, stack(0x0000005127100000,0x0000005127200000)]
  0x0000016cdf94e790 JavaThread "C2 CompilerThread0" daemon [_thread_blocked, id=10036, stack(0x0000005127200000,0x0000005127300000)]
  0x0000016cdf957190 JavaThread "C1 CompilerThread0" daemon [_thread_blocked, id=27460, stack(0x0000005127300000,0x0000005127400000)]
  0x0000016cdf960350 JavaThread "Sweeper thread" daemon [_thread_blocked, id=14208, stack(0x0000005127400000,0x0000005127500000)]
  0x0000016cdfa96430 JavaThread "Notification Thread" daemon [_thread_blocked, id=24988, stack(0x0000005127500000,0x0000005127600000)]
  0x0000016cdfaa7900 JavaThread "Common-Cleaner" daemon [_thread_blocked, id=27096, stack(0x0000005127700000,0x0000005127800000)]
  0x0000016ce8598f70 JavaThread "BufferPoolPruner-1-thread-1" daemon [_thread_blocked, id=16880, stack(0x0000005128700000,0x0000005128800000)]
  0x0000016ce85968f0 JavaThread "Live Reload Server" daemon [_thread_in_native, id=10752, stack(0x0000005128d00000,0x0000005128e00000)]
  0x0000016ce859b5f0 JavaThread "DestroyJavaVM" [_thread_blocked, id=9120, stack(0x0000005126500000,0x0000005126600000)]
  0x0000016ce528fbb0 JavaThread "File Watcher" daemon [_thread_blocked, id=9336, stack(0x0000005127e00000,0x0000005127f00000)]
  0x0000016ce56c9a20 JavaThread "File Watcher" daemon [_thread_blocked, id=27032, stack(0x0000005128000000,0x0000005128100000)]
  0x0000016ce55398e0 JavaThread "Catalina-utility-1" [_thread_blocked, id=25632, stack(0x0000005128400000,0x0000005128500000)]
  0x0000016ce5538a70 JavaThread "Catalina-utility-2" [_thread_blocked, id=19828, stack(0x0000005128500000,0x0000005128600000)]
  0x0000016ce5538f40 JavaThread "container-2" [_thread_blocked, id=21980, stack(0x0000005128600000,0x0000005128700000)]
  0x0000016ce5539410 JavaThread "cluster-ClusterId{value='683d51e4e1cbd32b2be71a1d', description='null'}-localhost:27017" daemon [_thread_in_native, id=30008, stack(0x0000005128800000,0x0000005128900000)]
  0x0000016ce55385a0 JavaThread "cluster-rtt-ClusterId{value='683d51e4e1cbd32b2be71a1d', description='null'}-localhost:27017" daemon [_thread_blocked, id=26696, stack(0x0000005128900000,0x0000005128a00000)]
  0x0000016ce7324be0 JavaThread "MaintenanceTimer-12-thread-1" daemon [_thread_blocked, id=24344, stack(0x0000005128a00000,0x0000005128b00000)]
  0x0000016ce7324710 JavaThread "File Watcher" daemon [_thread_blocked, id=26692, stack(0x0000005128c00000,0x0000005128d00000)]
  0x0000016ce5b9af70 JavaThread "http-nio-8080-exec-1" daemon [_thread_blocked, id=24564, stack(0x0000005128b00000,0x0000005128c00000)]
  0x0000016ce5b9b910 JavaThread "http-nio-8080-exec-2" daemon [_thread_blocked, id=21664, stack(0x0000005128e00000,0x0000005128f00000)]
  0x0000016ce5408b40 JavaThread "http-nio-8080-exec-3" daemon [_thread_blocked, id=25112, stack(0x0000005128f00000,0x0000005129000000)]
  0x0000016ce54081a0 JavaThread "http-nio-8080-exec-4" daemon [_thread_blocked, id=26080, stack(0x0000005129000000,0x0000005129100000)]
  0x0000016ce54099b0 JavaThread "http-nio-8080-exec-5" daemon [_thread_blocked, id=28888, stack(0x0000005129100000,0x0000005129200000)]
  0x0000016ce55380d0 JavaThread "http-nio-8080-exec-6" daemon [_thread_blocked, id=31232, stack(0x0000005129200000,0x0000005129300000)]
  0x0000016ce6f40b60 JavaThread "http-nio-8080-exec-7" daemon [_thread_blocked, id=21848, stack(0x0000005129300000,0x0000005129400000)]
  0x0000016ce6f3e9b0 JavaThread "http-nio-8080-exec-8" daemon [_thread_blocked, id=27228, stack(0x0000005129400000,0x0000005129500000)]
  0x0000016ce6f3fcf0 JavaThread "http-nio-8080-exec-9" daemon [_thread_blocked, id=18232, stack(0x0000005129500000,0x0000005129600000)]
  0x0000016ce6f3ee80 JavaThread "http-nio-8080-exec-10" daemon [_thread_blocked, id=28580, stack(0x0000005129600000,0x0000005129700000)]
  0x0000016ce7340ec0 JavaThread "http-nio-8080-Poller" daemon [_thread_blocked, id=5396, stack(0x0000005129700000,0x0000005129800000)]
  0x0000016ce73426d0 JavaThread "http-nio-8080-Acceptor" daemon [_thread_in_native, id=29396, stack(0x0000005129800000,0x0000005129900000)]

Other Threads:
=>0x0000016cdf2b1af0 VMThread "VM Thread" [stack: 0x0000005126b00000,0x0000005126c00000] [id=19964]
  0x0000016cbc206210 WatcherThread [stack: 0x0000005127600000,0x0000005127700000] [id=11588]
  0x0000016cbc1e1170 GCTaskThread "GC Thread#0" [stack: 0x0000005126600000,0x0000005126700000] [id=22776]
  0x0000016ce48f7780 GCTaskThread "GC Thread#1" [stack: 0x0000005127900000,0x0000005127a00000] [id=26304]
  0x0000016ce4568a10 GCTaskThread "GC Thread#2" [stack: 0x0000005127a00000,0x0000005127b00000] [id=10768]
  0x0000016ce4568cc0 GCTaskThread "GC Thread#3" [stack: 0x0000005127b00000,0x0000005127c00000] [id=6892]
  0x0000016ce4568f70 GCTaskThread "GC Thread#4" [stack: 0x0000005127c00000,0x0000005127d00000] [id=25812]
  0x0000016ce4569220 GCTaskThread "GC Thread#5" [stack: 0x0000005127d00000,0x0000005127e00000] [id=13504]
  0x0000016ce58c12c0 GCTaskThread "GC Thread#6" [stack: 0x0000005128100000,0x0000005128200000] [id=19856]
  0x0000016ce5e28100 GCTaskThread "GC Thread#7" [stack: 0x0000005128300000,0x0000005128400000] [id=27308]
  0x0000016cbc1f1d40 ConcurrentGCThread "G1 Main Marker" [stack: 0x0000005126700000,0x0000005126800000] [id=17260]
  0x0000016cbc1f4bd0 ConcurrentGCThread "G1 Conc#0" [stack: 0x0000005126800000,0x0000005126900000] [id=25836]
  0x0000016ce679ed10 ConcurrentGCThread "G1 Conc#1" [stack: 0x0000005128200000,0x0000005128300000] [id=22404]
  0x0000016cdf168460 ConcurrentGCThread "G1 Refine#0" [stack: 0x0000005126900000,0x0000005126a00000] [id=16512]
  0x0000016ceaf74050 ConcurrentGCThread "G1 Refine#1" [stack: 0x0000005127f00000,0x0000005128000000] [id=14516]
  0x0000016ce5bc08a0 ConcurrentGCThread "G1 Refine#2" [stack: 0x0000005126400000,0x0000005126500000] [id=25616]
  0x0000016cdf168b30 ConcurrentGCThread "G1 Service" [stack: 0x0000005126a00000,0x0000005126b00000] [id=26208]

Threads with active compile tasks:

VM state: at safepoint (normal execution)

VM Mutex/Monitor currently owned by a thread:  ([mutex/lock_event])
[0x0000016cba844040] Threads_lock - owner thread: 0x0000016cdf2b1af0
[0x0000016cbc168f40] Heap_lock - owner thread: 0x0000016ce6f40b60

Heap address: 0x0000000703600000, size: 4042 MB, Compressed Oops mode: Zero based, Oop shift amount: 3

CDS archive(s) mapped at: [0x0000000800000000-0x0000000800bc0000-0x0000000800bc0000), size 12320768, SharedBaseAddress: 0x0000000800000000, ArchiveRelocationMode: 0.
Compressed class space mapped at: 0x0000000801000000-0x0000000841000000, reserved size: 1073741824
Narrow klass base: 0x0000000800000000, Narrow klass shift: 0, Narrow klass range: 0x100000000

GC Precious Log:
 CPUs: 8 total, 8 available
 Memory: 16167M
 Large Page Support: Disabled
 NUMA Support: Disabled
 Compressed Oops: Enabled (Zero based)
 Heap Region Size: 2M
 Heap Min Capacity: 8M
 Heap Initial Capacity: 254M
 Heap Max Capacity: 4042M
 Pre-touch: Disabled
 Parallel Workers: 8
 Concurrent Workers: 2
 Concurrent Refinement Workers: 8
 Periodic GC: Disabled

Heap:
 garbage-first heap   total 512000K, used 124128K [0x0000000703600000, 0x0000000800000000)
  region size 2048K, 2 young (4096K), 2 survivors (4096K)
 Metaspace       used 66690K, committed 67584K, reserved 1114112K
  class space    used 7742K, committed 8192K, reserved 1048576K

Heap Regions: E=young(eden), S=young(survivor), O=old, HS=humongous(starts), HC=humongous(continues), CS=collection set, F=free, OA=open archive, CA=closed archive, TAMS=top-at-mark-start (previous, next)
|   0|0x0000000703600000, 0x00000007037ffff8, 0x0000000703800000| 99%| O|  |TAMS 0x00000007037ffff8, 0x0000000703600000| Untracked 
|   1|0x0000000703800000, 0x0000000703a00000, 0x0000000703a00000|100%| O|  |TAMS 0x0000000703a00000, 0x0000000703800000| Untracked 
|   2|0x0000000703a00000, 0x0000000703c00000, 0x0000000703c00000|100%| O|  |TAMS 0x0000000703c00000, 0x0000000703a00000| Untracked 
|   3|0x0000000703c00000, 0x0000000703e00000, 0x0000000703e00000|100%| O|  |TAMS 0x0000000703e00000, 0x0000000703c00000| Untracked 
|   4|0x0000000703e00000, 0x0000000703ffffb8, 0x0000000704000000| 99%| O|  |TAMS 0x0000000703ffffb8, 0x0000000703e00000| Untracked 
|   5|0x0000000704000000, 0x00000007041ffff8, 0x0000000704200000| 99%| O|  |TAMS 0x00000007041ffff8, 0x0000000704000000| Untracked 
|   6|0x0000000704200000, 0x00000007043ffff0, 0x0000000704400000| 99%| O|  |TAMS 0x00000007043ffff0, 0x0000000704200000| Untracked 
|   7|0x0000000704400000, 0x00000007045ffff8, 0x0000000704600000| 99%| O|  |TAMS 0x00000007045ffff8, 0x0000000704400000| Untracked 
|   8|0x0000000704600000, 0x0000000704800000, 0x0000000704800000|100%| O|  |TAMS 0x0000000704800000, 0x0000000704600000| Untracked 
|   9|0x0000000704800000, 0x00000007049fffe8, 0x0000000704a00000| 99%| O|  |TAMS 0x00000007049fffe8, 0x0000000704800000| Untracked 
|  10|0x0000000704a00000, 0x0000000704c00000, 0x0000000704c00000|100%| O|  |TAMS 0x0000000704c00000, 0x0000000704a00000| Untracked 
|  11|0x0000000704c00000, 0x0000000704dfffe8, 0x0000000704e00000| 99%| O|  |TAMS 0x0000000704dfffe8, 0x0000000704c00000| Untracked 
|  12|0x0000000704e00000, 0x0000000704ffffe8, 0x0000000705000000| 99%| O|  |TAMS 0x0000000704ffffe8, 0x0000000704e00000| Untracked 
|  13|0x0000000705000000, 0x0000000705200000, 0x0000000705200000|100%| O|  |TAMS 0x0000000705000000, 0x0000000705000000| Untracked 
|  14|0x0000000705200000, 0x00000007053ffff8, 0x0000000705400000| 99%| O|  |TAMS 0x00000007053ffff8, 0x0000000705200000| Untracked 
|  15|0x0000000705400000, 0x0000000705600000, 0x0000000705600000|100%| O|  |TAMS 0x0000000705600000, 0x0000000705400000| Complete 
|  16|0x0000000705600000, 0x00000007057fffc8, 0x0000000705800000| 99%| O|  |TAMS 0x00000007057fffc8, 0x0000000705600000| Untracked 
|  17|0x0000000705800000, 0x00000007059ffff8, 0x0000000705a00000| 99%| O|  |TAMS 0x00000007059ffff8, 0x0000000705800000| Untracked 
|  18|0x0000000705a00000, 0x0000000705bffff0, 0x0000000705c00000| 99%| O|  |TAMS 0x0000000705bffff0, 0x0000000705a00000| Untracked 
|  19|0x0000000705c00000, 0x0000000705dffbe0, 0x0000000705e00000| 99%| O|  |TAMS 0x0000000705dffbe0, 0x0000000705c00000| Untracked 
|  20|0x0000000705e00000, 0x0000000705fb8ad0, 0x0000000706000000| 86%| O|  |TAMS 0x0000000705fb8ad0, 0x0000000705e00000| Untracked 
|  21|0x0000000706000000, 0x0000000706200000, 0x0000000706200000|100%| O|  |TAMS 0x0000000706000000, 0x0000000706000000| Untracked 
|  22|0x0000000706200000, 0x00000007062f3600, 0x0000000706400000| 47%| O|  |TAMS 0x0000000706200000, 0x0000000706200000| Untracked 
|  23|0x0000000706400000, 0x0000000706600000, 0x0000000706600000|100%| O|  |TAMS 0x0000000706600000, 0x0000000706400000| Untracked 
|  24|0x0000000706600000, 0x00000007066e7330, 0x0000000706800000| 45%| O|  |TAMS 0x00000007066e7330, 0x0000000706600000| Untracked 
|  25|0x0000000706800000, 0x0000000706a00000, 0x0000000706a00000|100%| O|  |TAMS 0x0000000706a00000, 0x0000000706800000| Untracked 
|  26|0x0000000706a00000, 0x0000000706c00000, 0x0000000706c00000|100%| O|  |TAMS 0x0000000706c00000, 0x0000000706a00000| Untracked 
|  27|0x0000000706c00000, 0x0000000706c00000, 0x0000000706e00000|  0%| F|  |TAMS 0x0000000706c00000, 0x0000000706c00000| Untracked 
|  28|0x0000000706e00000, 0x0000000707000000, 0x0000000707000000|100%| O|  |TAMS 0x0000000707000000, 0x0000000706e00000| Complete 
|  29|0x0000000707000000, 0x0000000707200000, 0x0000000707200000|100%|HS|  |TAMS 0x0000000707200000, 0x0000000707000000| Complete 
|  30|0x0000000707200000, 0x0000000707400000, 0x0000000707400000|100%|HC|  |TAMS 0x0000000707400000, 0x0000000707200000| Complete 
|  31|0x0000000707400000, 0x0000000707600000, 0x0000000707600000|100%|HC|  |TAMS 0x0000000707600000, 0x0000000707400000| Complete 
|  32|0x0000000707600000, 0x0000000707800000, 0x0000000707800000|100%| O|  |TAMS 0x0000000707800000, 0x0000000707600000| Untracked 
|  33|0x0000000707800000, 0x0000000707a00000, 0x0000000707a00000|100%| O|  |TAMS 0x0000000707a00000, 0x0000000707800000| Complete 
|  34|0x0000000707a00000, 0x0000000707c00000, 0x0000000707c00000|100%| O|  |TAMS 0x0000000707a00000, 0x0000000707a00000| Untracked 
|  35|0x0000000707c00000, 0x0000000707e00000, 0x0000000707e00000|100%| O|  |TAMS 0x0000000707c00000, 0x0000000707c00000| Untracked 
|  36|0x0000000707e00000, 0x0000000708000000, 0x0000000708000000|100%| O|  |TAMS 0x0000000708000000, 0x0000000707e00000| Untracked 
|  37|0x0000000708000000, 0x0000000708200000, 0x0000000708200000|100%| O|  |TAMS 0x0000000708000000, 0x0000000708000000| Untracked 
|  38|0x0000000708200000, 0x0000000708400000, 0x0000000708400000|100%| O|  |TAMS 0x0000000708200000, 0x0000000708200000| Untracked 
|  39|0x0000000708400000, 0x0000000708600000, 0x0000000708600000|100%| O|  |TAMS 0x0000000708600000, 0x0000000708400000| Untracked 
|  40|0x0000000708600000, 0x0000000708800000, 0x0000000708800000|100%| O|  |TAMS 0x0000000708600000, 0x0000000708600000| Untracked 
|  41|0x0000000708800000, 0x0000000708a00000, 0x0000000708a00000|100%| O|  |TAMS 0x0000000708a00000, 0x0000000708800000| Complete 
|  42|0x0000000708a00000, 0x0000000708c00000, 0x0000000708c00000|100%| O|  |TAMS 0x0000000708c00000, 0x0000000708a00000| Complete 
|  43|0x0000000708c00000, 0x0000000708e00000, 0x0000000708e00000|100%| O|  |TAMS 0x0000000708e00000, 0x0000000708c00000| Untracked 
|  44|0x0000000708e00000, 0x0000000709000000, 0x0000000709000000|100%| O|  |TAMS 0x0000000709000000, 0x0000000708e00000| Untracked 
|  45|0x0000000709000000, 0x0000000709200000, 0x0000000709200000|100%| O|  |TAMS 0x0000000709200000, 0x0000000709000000| Complete 
|  46|0x0000000709200000, 0x0000000709400000, 0x0000000709400000|100%| O|  |TAMS 0x000000070928ce00, 0x0000000709200000| Untracked 
|  47|0x0000000709400000, 0x0000000709600000, 0x0000000709600000|100%| O|  |TAMS 0x0000000709400000, 0x0000000709400000| Untracked 
|  48|0x0000000709600000, 0x0000000709800000, 0x0000000709800000|100%| O|  |TAMS 0x0000000709800000, 0x0000000709600000| Untracked 
|  49|0x0000000709800000, 0x0000000709a00000, 0x0000000709a00000|100%| O|  |TAMS 0x0000000709a00000, 0x0000000709800000| Untracked 
|  50|0x0000000709a00000, 0x0000000709c00000, 0x0000000709c00000|100%| O|  |TAMS 0x0000000709c00000, 0x0000000709a00000| Untracked 
|  51|0x0000000709c00000, 0x0000000709e00000, 0x0000000709e00000|100%| O|  |TAMS 0x0000000709e00000, 0x0000000709c00000| Untracked 
|  52|0x0000000709e00000, 0x000000070a000000, 0x000000070a000000|100%| O|  |TAMS 0x000000070a000000, 0x0000000709e00000| Untracked 
|  53|0x000000070a000000, 0x000000070a200000, 0x000000070a200000|100%| O|  |TAMS 0x000000070a200000, 0x000000070a000000| Untracked 
|  54|0x000000070a200000, 0x000000070a400000, 0x000000070a400000|100%| O|  |TAMS 0x000000070a200000, 0x000000070a200000| Untracked 
|  55|0x000000070a400000, 0x000000070a47b400, 0x000000070a600000| 24%| O|  |TAMS 0x000000070a400000, 0x000000070a400000| Untracked 
|  56|0x000000070a600000, 0x000000070a600000, 0x000000070a800000|  0%| F|  |TAMS 0x000000070a600000, 0x000000070a600000| Untracked 
|  57|0x000000070a800000, 0x000000070aa00000, 0x000000070aa00000|100%| O|  |TAMS 0x000000070aa00000, 0x000000070a800000| Complete 
|  58|0x000000070aa00000, 0x000000070aa00000, 0x000000070ac00000|  0%| F|  |TAMS 0x000000070aa00000, 0x000000070aa00000| Untracked 
|  59|0x000000070ac00000, 0x000000070ac00000, 0x000000070ae00000|  0%| F|  |TAMS 0x000000070ac00000, 0x000000070ac00000| Untracked 
|  60|0x000000070ae00000, 0x000000070ae00000, 0x000000070b000000|  0%| F|  |TAMS 0x000000070ae00000, 0x000000070ae00000| Untracked 
|  61|0x000000070b000000, 0x000000070b000000, 0x000000070b200000|  0%| F|  |TAMS 0x000000070b000000, 0x000000070b000000| Untracked 
|  62|0x000000070b200000, 0x000000070b200000, 0x000000070b400000|  0%| F|  |TAMS 0x000000070b200000, 0x000000070b200000| Untracked 
|  63|0x000000070b400000, 0x000000070b400000, 0x000000070b600000|  0%| F|  |TAMS 0x000000070b400000, 0x000000070b400000| Untracked 
|  64|0x000000070b600000, 0x000000070b600000, 0x000000070b800000|  0%| F|  |TAMS 0x000000070b600000, 0x000000070b600000| Untracked 
|  65|0x000000070b800000, 0x000000070b800000, 0x000000070ba00000|  0%| F|  |TAMS 0x000000070b800000, 0x000000070b800000| Untracked 
|  66|0x000000070ba00000, 0x000000070ba00000, 0x000000070bc00000|  0%| F|  |TAMS 0x000000070ba00000, 0x000000070ba00000| Untracked 
|  67|0x000000070bc00000, 0x000000070bc00000, 0x000000070be00000|  0%| F|  |TAMS 0x000000070bc00000, 0x000000070bc00000| Untracked 
|  68|0x000000070be00000, 0x000000070be00000, 0x000000070c000000|  0%| F|  |TAMS 0x000000070be00000, 0x000000070be00000| Untracked 
|  69|0x000000070c000000, 0x000000070c000000, 0x000000070c200000|  0%| F|  |TAMS 0x000000070c000000, 0x000000070c000000| Untracked 
|  70|0x000000070c200000, 0x000000070c400000, 0x000000070c400000|100%|HS|  |TAMS 0x000000070c200000, 0x000000070c200000| Complete 
|  71|0x000000070c400000, 0x000000070c600000, 0x000000070c600000|100%|HC|  |TAMS 0x000000070c400000, 0x000000070c400000| Complete 
|  72|0x000000070c600000, 0x000000070c800000, 0x000000070c800000|100%|HC|  |TAMS 0x000000070c600000, 0x000000070c600000| Complete 
|  73|0x000000070c800000, 0x000000070c800000, 0x000000070ca00000|  0%| F|  |TAMS 0x000000070c800000, 0x000000070c800000| Untracked 
|  74|0x000000070ca00000, 0x000000070ca00000, 0x000000070cc00000|  0%| F|  |TAMS 0x000000070ca00000, 0x000000070ca00000| Untracked 
|  75|0x000000070cc00000, 0x000000070cc00000, 0x000000070ce00000|  0%| F|  |TAMS 0x000000070cc00000, 0x000000070cc00000| Untracked 
|  76|0x000000070ce00000, 0x000000070ce00000, 0x000000070d000000|  0%| F|  |TAMS 0x000000070ce00000, 0x000000070ce00000| Untracked 
|  77|0x000000070d000000, 0x000000070d000000, 0x000000070d200000|  0%| F|  |TAMS 0x000000070d000000, 0x000000070d000000| Untracked 
|  78|0x000000070d200000, 0x000000070d200000, 0x000000070d400000|  0%| F|  |TAMS 0x000000070d200000, 0x000000070d200000| Untracked 
|  79|0x000000070d400000, 0x000000070d400000, 0x000000070d600000|  0%| F|  |TAMS 0x000000070d400000, 0x000000070d400000| Untracked 
|  80|0x000000070d600000, 0x000000070d600000, 0x000000070d800000|  0%| F|  |TAMS 0x000000070d600000, 0x000000070d600000| Untracked 
|  81|0x000000070d800000, 0x000000070d800000, 0x000000070da00000|  0%| F|  |TAMS 0x000000070d800000, 0x000000070d800000| Untracked 
|  82|0x000000070da00000, 0x000000070da00000, 0x000000070dc00000|  0%| F|  |TAMS 0x000000070da00000, 0x000000070da00000| Untracked 
|  83|0x000000070dc00000, 0x000000070dc00000, 0x000000070de00000|  0%| F|  |TAMS 0x000000070dc00000, 0x000000070dc00000| Untracked 
|  84|0x000000070de00000, 0x000000070de00000, 0x000000070e000000|  0%| F|  |TAMS 0x000000070de00000, 0x000000070de00000| Untracked 
|  85|0x000000070e000000, 0x000000070e000000, 0x000000070e200000|  0%| F|  |TAMS 0x000000070e000000, 0x000000070e000000| Untracked 
|  86|0x000000070e200000, 0x000000070e200000, 0x000000070e400000|  0%| F|  |TAMS 0x000000070e200000, 0x000000070e200000| Untracked 
|  87|0x000000070e400000, 0x000000070e400000, 0x000000070e600000|  0%| F|  |TAMS 0x000000070e400000, 0x000000070e400000| Untracked 
|  88|0x000000070e600000, 0x000000070e600000, 0x000000070e800000|  0%| F|  |TAMS 0x000000070e600000, 0x000000070e600000| Untracked 
|  89|0x000000070e800000, 0x000000070e800000, 0x000000070ea00000|  0%| F|  |TAMS 0x000000070e800000, 0x000000070e800000| Untracked 
|  90|0x000000070ea00000, 0x000000070ea00000, 0x000000070ec00000|  0%| F|  |TAMS 0x000000070ea00000, 0x000000070ea00000| Untracked 
|  91|0x000000070ec00000, 0x000000070ee00000, 0x000000070ee00000|100%| O|  |TAMS 0x000000070ee00000, 0x000000070ec00000| Complete 
|  92|0x000000070ee00000, 0x000000070ee00000, 0x000000070f000000|  0%| F|  |TAMS 0x000000070ee00000, 0x000000070ee00000| Untracked 
|  93|0x000000070f000000, 0x000000070f000000, 0x000000070f200000|  0%| F|  |TAMS 0x000000070f000000, 0x000000070f000000| Untracked 
|  94|0x000000070f200000, 0x000000070f200000, 0x000000070f400000|  0%| F|  |TAMS 0x000000070f200000, 0x000000070f200000| Untracked 
|  95|0x000000070f400000, 0x000000070f400000, 0x000000070f600000|  0%| F|  |TAMS 0x000000070f400000, 0x000000070f400000| Untracked 
|  96|0x000000070f600000, 0x000000070f600000, 0x000000070f800000|  0%| F|  |TAMS 0x000000070f600000, 0x000000070f600000| Untracked 
|  97|0x000000070f800000, 0x000000070f800000, 0x000000070fa00000|  0%| F|  |TAMS 0x000000070f800000, 0x000000070f800000| Untracked 
|  98|0x000000070fa00000, 0x000000070fc00000, 0x000000070fc00000|100%| O|  |TAMS 0x000000070fc00000, 0x000000070fa00000| Untracked 
|  99|0x000000070fc00000, 0x000000070fc00000, 0x000000070fe00000|  0%| F|  |TAMS 0x000000070fc00000, 0x000000070fc00000| Untracked 
| 100|0x000000070fe00000, 0x000000070fe00000, 0x0000000710000000|  0%| F|  |TAMS 0x000000070fe00000, 0x000000070fe00000| Untracked 
| 101|0x0000000710000000, 0x0000000710000000, 0x0000000710200000|  0%| F|  |TAMS 0x0000000710000000, 0x0000000710000000| Untracked 
| 102|0x0000000710200000, 0x0000000710200000, 0x0000000710400000|  0%| F|  |TAMS 0x0000000710200000, 0x0000000710200000| Untracked 
| 103|0x0000000710400000, 0x0000000710400000, 0x0000000710600000|  0%| F|  |TAMS 0x0000000710400000, 0x0000000710400000| Untracked 
| 104|0x0000000710600000, 0x0000000710600000, 0x0000000710800000|  0%| F|  |TAMS 0x0000000710600000, 0x0000000710600000| Untracked 
| 105|0x0000000710800000, 0x0000000710800000, 0x0000000710a00000|  0%| F|  |TAMS 0x0000000710800000, 0x0000000710800000| Untracked 
| 106|0x0000000710a00000, 0x0000000710a00000, 0x0000000710c00000|  0%| F|  |TAMS 0x0000000710a00000, 0x0000000710a00000| Untracked 
| 107|0x0000000710c00000, 0x0000000710c00000, 0x0000000710e00000|  0%| F|  |TAMS 0x0000000710c00000, 0x0000000710c00000| Untracked 
| 108|0x0000000710e00000, 0x0000000710e00000, 0x0000000711000000|  0%| F|  |TAMS 0x0000000710e00000, 0x0000000710e00000| Untracked 
| 109|0x0000000711000000, 0x0000000711000000, 0x0000000711200000|  0%| F|  |TAMS 0x0000000711000000, 0x0000000711000000| Untracked 
| 110|0x0000000711200000, 0x0000000711200000, 0x0000000711400000|  0%| F|  |TAMS 0x0000000711200000, 0x0000000711200000| Untracked 
| 111|0x0000000711400000, 0x0000000711400000, 0x0000000711600000|  0%| F|  |TAMS 0x0000000711400000, 0x0000000711400000| Untracked 
| 112|0x0000000711600000, 0x0000000711600000, 0x0000000711800000|  0%| F|  |TAMS 0x0000000711600000, 0x0000000711600000| Untracked 
| 113|0x0000000711800000, 0x0000000711800000, 0x0000000711a00000|  0%| F|  |TAMS 0x0000000711800000, 0x0000000711800000| Untracked 
| 114|0x0000000711a00000, 0x0000000711a00000, 0x0000000711c00000|  0%| F|  |TAMS 0x0000000711a00000, 0x0000000711a00000| Untracked 
| 115|0x0000000711c00000, 0x0000000711c00000, 0x0000000711e00000|  0%| F|  |TAMS 0x0000000711c00000, 0x0000000711c00000| Untracked 
| 116|0x0000000711e00000, 0x0000000711e00000, 0x0000000712000000|  0%| F|  |TAMS 0x0000000711e00000, 0x0000000711e00000| Untracked 
| 117|0x0000000712000000, 0x0000000712000000, 0x0000000712200000|  0%| F|  |TAMS 0x0000000712000000, 0x0000000712000000| Untracked 
| 118|0x0000000712200000, 0x0000000712200000, 0x0000000712400000|  0%| F|  |TAMS 0x0000000712200000, 0x0000000712200000| Untracked 
| 119|0x0000000712400000, 0x0000000712400000, 0x0000000712600000|  0%| F|  |TAMS 0x0000000712400000, 0x0000000712400000| Untracked 
| 120|0x0000000712600000, 0x0000000712600000, 0x0000000712800000|  0%| F|  |TAMS 0x0000000712600000, 0x0000000712600000| Untracked 
| 121|0x0000000712800000, 0x0000000712800000, 0x0000000712a00000|  0%| F|  |TAMS 0x0000000712800000, 0x0000000712800000| Untracked 
| 122|0x0000000712a00000, 0x0000000712a00000, 0x0000000712c00000|  0%| F|  |TAMS 0x0000000712a00000, 0x0000000712a00000| Untracked 
| 123|0x0000000712c00000, 0x0000000712c00000, 0x0000000712e00000|  0%| F|  |TAMS 0x0000000712c00000, 0x0000000712c00000| Untracked 
| 124|0x0000000712e00000, 0x0000000712e00000, 0x0000000713000000|  0%| F|  |TAMS 0x0000000712e00000, 0x0000000712e00000| Untracked 
| 125|0x0000000713000000, 0x0000000713000000, 0x0000000713200000|  0%| F|  |TAMS 0x0000000713000000, 0x0000000713000000| Untracked 
| 126|0x0000000713200000, 0x0000000713200000, 0x0000000713400000|  0%| F|  |TAMS 0x0000000713200000, 0x0000000713200000| Untracked 
| 127|0x0000000713400000, 0x0000000713400000, 0x0000000713600000|  0%| F|  |TAMS 0x0000000713400000, 0x0000000713400000| Untracked 
| 128|0x0000000713600000, 0x0000000713600000, 0x0000000713800000|  0%| F|  |TAMS 0x0000000713600000, 0x0000000713600000| Untracked 
| 129|0x0000000713800000, 0x0000000713800000, 0x0000000713a00000|  0%| F|  |TAMS 0x0000000713800000, 0x0000000713800000| Untracked 
| 130|0x0000000713a00000, 0x0000000713a00000, 0x0000000713c00000|  0%| F|  |TAMS 0x0000000713a00000, 0x0000000713a00000| Untracked 
| 131|0x0000000713c00000, 0x0000000713c00000, 0x0000000713e00000|  0%| F|  |TAMS 0x0000000713c00000, 0x0000000713c00000| Untracked 
| 132|0x0000000713e00000, 0x0000000713e00000, 0x0000000714000000|  0%| F|  |TAMS 0x0000000713e00000, 0x0000000713e00000| Untracked 
| 133|0x0000000714000000, 0x0000000714000000, 0x0000000714200000|  0%| F|  |TAMS 0x0000000714000000, 0x0000000714000000| Untracked 
| 134|0x0000000714200000, 0x0000000714200000, 0x0000000714400000|  0%| F|  |TAMS 0x0000000714200000, 0x0000000714200000| Untracked 
| 135|0x0000000714400000, 0x0000000714400000, 0x0000000714600000|  0%| F|  |TAMS 0x0000000714400000, 0x0000000714400000| Untracked 
| 136|0x0000000714600000, 0x0000000714600000, 0x0000000714800000|  0%| F|  |TAMS 0x0000000714600000, 0x0000000714600000| Untracked 
| 137|0x0000000714800000, 0x0000000714800000, 0x0000000714a00000|  0%| F|  |TAMS 0x0000000714800000, 0x0000000714800000| Untracked 
| 138|0x0000000714a00000, 0x0000000714a00000, 0x0000000714c00000|  0%| F|  |TAMS 0x0000000714a00000, 0x0000000714a00000| Untracked 
| 139|0x0000000714c00000, 0x0000000714c00000, 0x0000000714e00000|  0%| F|  |TAMS 0x0000000714c00000, 0x0000000714c00000| Untracked 
| 140|0x0000000714e00000, 0x0000000714e00000, 0x0000000715000000|  0%| F|  |TAMS 0x0000000714e00000, 0x0000000714e00000| Untracked 
| 141|0x0000000715000000, 0x0000000715000000, 0x0000000715200000|  0%| F|  |TAMS 0x0000000715000000, 0x0000000715000000| Untracked 
| 142|0x0000000715200000, 0x0000000715200000, 0x0000000715400000|  0%| F|  |TAMS 0x0000000715200000, 0x0000000715200000| Untracked 
| 143|0x0000000715400000, 0x0000000715400000, 0x0000000715600000|  0%| F|  |TAMS 0x0000000715400000, 0x0000000715400000| Untracked 
| 144|0x0000000715600000, 0x0000000715600000, 0x0000000715800000|  0%| F|  |TAMS 0x0000000715600000, 0x0000000715600000| Untracked 
| 145|0x0000000715800000, 0x0000000715800000, 0x0000000715a00000|  0%| F|  |TAMS 0x0000000715800000, 0x0000000715800000| Untracked 
| 146|0x0000000715a00000, 0x0000000715a00000, 0x0000000715c00000|  0%| F|  |TAMS 0x0000000715a00000, 0x0000000715a00000| Untracked 
| 147|0x0000000715c00000, 0x0000000715c00000, 0x0000000715e00000|  0%| F|  |TAMS 0x0000000715c00000, 0x0000000715c00000| Untracked 
| 148|0x0000000715e00000, 0x0000000715e00000, 0x0000000716000000|  0%| F|  |TAMS 0x0000000715e00000, 0x0000000715e00000| Untracked 
| 149|0x0000000716000000, 0x0000000716000000, 0x0000000716200000|  0%| F|  |TAMS 0x0000000716000000, 0x0000000716000000| Untracked 
| 150|0x0000000716200000, 0x0000000716200000, 0x0000000716400000|  0%| F|  |TAMS 0x0000000716200000, 0x0000000716200000| Untracked 
| 151|0x0000000716400000, 0x0000000716400000, 0x0000000716600000|  0%| F|  |TAMS 0x0000000716400000, 0x0000000716400000| Untracked 
| 152|0x0000000716600000, 0x0000000716600000, 0x0000000716800000|  0%| F|  |TAMS 0x0000000716600000, 0x0000000716600000| Untracked 
| 153|0x0000000716800000, 0x0000000716800000, 0x0000000716a00000|  0%| F|  |TAMS 0x0000000716800000, 0x0000000716800000| Untracked 
| 154|0x0000000716a00000, 0x0000000716a00000, 0x0000000716c00000|  0%| F|  |TAMS 0x0000000716a00000, 0x0000000716a00000| Untracked 
| 155|0x0000000716c00000, 0x0000000716c00000, 0x0000000716e00000|  0%| F|  |TAMS 0x0000000716c00000, 0x0000000716c00000| Untracked 
| 156|0x0000000716e00000, 0x0000000716e00000, 0x0000000717000000|  0%| F|  |TAMS 0x0000000716e00000, 0x0000000716e00000| Untracked 
| 157|0x0000000717000000, 0x0000000717000000, 0x0000000717200000|  0%| F|  |TAMS 0x0000000717000000, 0x0000000717000000| Untracked 
| 158|0x0000000717200000, 0x0000000717200000, 0x0000000717400000|  0%| F|  |TAMS 0x0000000717200000, 0x0000000717200000| Untracked 
| 159|0x0000000717400000, 0x0000000717400000, 0x0000000717600000|  0%| F|  |TAMS 0x0000000717400000, 0x0000000717400000| Untracked 
| 160|0x0000000717600000, 0x0000000717600000, 0x0000000717800000|  0%| F|  |TAMS 0x0000000717600000, 0x0000000717600000| Untracked 
| 161|0x0000000717800000, 0x0000000717800000, 0x0000000717a00000|  0%| F|  |TAMS 0x0000000717800000, 0x0000000717800000| Untracked 
| 162|0x0000000717a00000, 0x0000000717a00000, 0x0000000717c00000|  0%| F|  |TAMS 0x0000000717a00000, 0x0000000717a00000| Untracked 
| 163|0x0000000717c00000, 0x0000000717c00000, 0x0000000717e00000|  0%| F|  |TAMS 0x0000000717c00000, 0x0000000717c00000| Untracked 
| 164|0x0000000717e00000, 0x0000000717e00000, 0x0000000718000000|  0%| F|  |TAMS 0x0000000717e00000, 0x0000000717e00000| Untracked 
| 165|0x0000000718000000, 0x0000000718000000, 0x0000000718200000|  0%| F|  |TAMS 0x0000000718000000, 0x0000000718000000| Untracked 
| 166|0x0000000718200000, 0x0000000718200000, 0x0000000718400000|  0%| F|  |TAMS 0x0000000718200000, 0x0000000718200000| Untracked 
| 167|0x0000000718400000, 0x0000000718400000, 0x0000000718600000|  0%| F|  |TAMS 0x0000000718400000, 0x0000000718400000| Untracked 
| 168|0x0000000718600000, 0x0000000718600000, 0x0000000718800000|  0%| F|  |TAMS 0x0000000718600000, 0x0000000718600000| Untracked 
| 169|0x0000000718800000, 0x0000000718800000, 0x0000000718a00000|  0%| F|  |TAMS 0x0000000718800000, 0x0000000718800000| Untracked 
| 170|0x0000000718a00000, 0x0000000718a00000, 0x0000000718c00000|  0%| F|  |TAMS 0x0000000718a00000, 0x0000000718a00000| Untracked 
| 171|0x0000000718c00000, 0x0000000718c00000, 0x0000000718e00000|  0%| F|  |TAMS 0x0000000718c00000, 0x0000000718c00000| Untracked 
| 172|0x0000000718e00000, 0x0000000718e00000, 0x0000000719000000|  0%| F|  |TAMS 0x0000000718e00000, 0x0000000718e00000| Untracked 
| 173|0x0000000719000000, 0x0000000719000000, 0x0000000719200000|  0%| F|  |TAMS 0x0000000719000000, 0x0000000719000000| Untracked 
| 174|0x0000000719200000, 0x0000000719200000, 0x0000000719400000|  0%| F|  |TAMS 0x0000000719200000, 0x0000000719200000| Untracked 
| 175|0x0000000719400000, 0x0000000719400000, 0x0000000719600000|  0%| F|  |TAMS 0x0000000719400000, 0x0000000719400000| Untracked 
| 176|0x0000000719600000, 0x0000000719600000, 0x0000000719800000|  0%| F|  |TAMS 0x0000000719600000, 0x0000000719600000| Untracked 
| 177|0x0000000719800000, 0x0000000719800000, 0x0000000719a00000|  0%| F|  |TAMS 0x0000000719800000, 0x0000000719800000| Untracked 
| 178|0x0000000719a00000, 0x0000000719a00000, 0x0000000719c00000|  0%| F|  |TAMS 0x0000000719a00000, 0x0000000719a00000| Untracked 
| 179|0x0000000719c00000, 0x0000000719c00000, 0x0000000719e00000|  0%| F|  |TAMS 0x0000000719c00000, 0x0000000719c00000| Untracked 
| 180|0x0000000719e00000, 0x0000000719e00000, 0x000000071a000000|  0%| F|  |TAMS 0x0000000719e00000, 0x0000000719e00000| Untracked 
| 181|0x000000071a000000, 0x000000071a000000, 0x000000071a200000|  0%| F|  |TAMS 0x000000071a000000, 0x000000071a000000| Untracked 
| 182|0x000000071a200000, 0x000000071a200000, 0x000000071a400000|  0%| F|  |TAMS 0x000000071a200000, 0x000000071a200000| Untracked 
| 183|0x000000071a400000, 0x000000071a400000, 0x000000071a600000|  0%| F|  |TAMS 0x000000071a400000, 0x000000071a400000| Untracked 
| 184|0x000000071a600000, 0x000000071a600000, 0x000000071a800000|  0%| F|  |TAMS 0x000000071a600000, 0x000000071a600000| Untracked 
| 185|0x000000071a800000, 0x000000071a800000, 0x000000071aa00000|  0%| F|  |TAMS 0x000000071a800000, 0x000000071a800000| Untracked 
| 186|0x000000071aa00000, 0x000000071aa00000, 0x000000071ac00000|  0%| F|  |TAMS 0x000000071aa00000, 0x000000071aa00000| Untracked 
| 187|0x000000071ac00000, 0x000000071ac00000, 0x000000071ae00000|  0%| F|  |TAMS 0x000000071ac00000, 0x000000071ac00000| Untracked 
| 188|0x000000071ae00000, 0x000000071ae00000, 0x000000071b000000|  0%| F|  |TAMS 0x000000071ae00000, 0x000000071ae00000| Untracked 
| 189|0x000000071b000000, 0x000000071b000000, 0x000000071b200000|  0%| F|  |TAMS 0x000000071b000000, 0x000000071b000000| Untracked 
| 190|0x000000071b200000, 0x000000071b200000, 0x000000071b400000|  0%| F|  |TAMS 0x000000071b200000, 0x000000071b200000| Untracked 
| 191|0x000000071b400000, 0x000000071b400000, 0x000000071b600000|  0%| F|  |TAMS 0x000000071b400000, 0x000000071b400000| Untracked 
| 192|0x000000071b600000, 0x000000071b600000, 0x000000071b800000|  0%| F|  |TAMS 0x000000071b600000, 0x000000071b600000| Untracked 
| 193|0x000000071b800000, 0x000000071b800000, 0x000000071ba00000|  0%| F|  |TAMS 0x000000071b800000, 0x000000071b800000| Untracked 
| 194|0x000000071ba00000, 0x000000071ba00000, 0x000000071bc00000|  0%| F|  |TAMS 0x000000071ba00000, 0x000000071ba00000| Untracked 
| 195|0x000000071bc00000, 0x000000071bc00000, 0x000000071be00000|  0%| F|  |TAMS 0x000000071bc00000, 0x000000071bc00000| Untracked 
| 196|0x000000071be00000, 0x000000071be00000, 0x000000071c000000|  0%| F|  |TAMS 0x000000071be00000, 0x000000071be00000| Untracked 
| 197|0x000000071c000000, 0x000000071c000000, 0x000000071c200000|  0%| F|  |TAMS 0x000000071c000000, 0x000000071c000000| Untracked 
| 198|0x000000071c200000, 0x000000071c200000, 0x000000071c400000|  0%| F|  |TAMS 0x000000071c200000, 0x000000071c200000| Untracked 
| 199|0x000000071c400000, 0x000000071c400000, 0x000000071c600000|  0%| F|  |TAMS 0x000000071c400000, 0x000000071c400000| Untracked 
| 200|0x000000071c600000, 0x000000071c600000, 0x000000071c800000|  0%| F|  |TAMS 0x000000071c600000, 0x000000071c600000| Untracked 
| 201|0x000000071c800000, 0x000000071c800000, 0x000000071ca00000|  0%| F|  |TAMS 0x000000071c800000, 0x000000071c800000| Untracked 
| 202|0x000000071ca00000, 0x000000071ca00000, 0x000000071cc00000|  0%| F|  |TAMS 0x000000071ca00000, 0x000000071ca00000| Untracked 
| 203|0x000000071cc00000, 0x000000071cc00000, 0x000000071ce00000|  0%| F|  |TAMS 0x000000071cc00000, 0x000000071cc00000| Untracked 
| 204|0x000000071ce00000, 0x000000071ce00000, 0x000000071d000000|  0%| F|  |TAMS 0x000000071ce00000, 0x000000071ce00000| Untracked 
| 205|0x000000071d000000, 0x000000071d000000, 0x000000071d200000|  0%| F|  |TAMS 0x000000071d000000, 0x000000071d000000| Untracked 
| 206|0x000000071d200000, 0x000000071d200000, 0x000000071d400000|  0%| F|  |TAMS 0x000000071d200000, 0x000000071d200000| Untracked 
| 207|0x000000071d400000, 0x000000071d400000, 0x000000071d600000|  0%| F|  |TAMS 0x000000071d400000, 0x000000071d400000| Untracked 
| 208|0x000000071d600000, 0x000000071d600000, 0x000000071d800000|  0%| F|  |TAMS 0x000000071d600000, 0x000000071d600000| Untracked 
| 209|0x000000071d800000, 0x000000071d800000, 0x000000071da00000|  0%| F|  |TAMS 0x000000071d800000, 0x000000071d800000| Untracked 
| 210|0x000000071da00000, 0x000000071da00000, 0x000000071dc00000|  0%| F|  |TAMS 0x000000071da00000, 0x000000071da00000| Untracked 
| 211|0x000000071dc00000, 0x000000071dc00000, 0x000000071de00000|  0%| F|  |TAMS 0x000000071dc00000, 0x000000071dc00000| Untracked 
| 212|0x000000071de00000, 0x000000071de00000, 0x000000071e000000|  0%| F|  |TAMS 0x000000071de00000, 0x000000071de00000| Untracked 
| 213|0x000000071e000000, 0x000000071e000000, 0x000000071e200000|  0%| F|  |TAMS 0x000000071e000000, 0x000000071e000000| Untracked 
| 214|0x000000071e200000, 0x000000071e200000, 0x000000071e400000|  0%| F|  |TAMS 0x000000071e200000, 0x000000071e200000| Untracked 
| 215|0x000000071e400000, 0x000000071e400000, 0x000000071e600000|  0%| F|  |TAMS 0x000000071e400000, 0x000000071e400000| Untracked 
| 216|0x000000071e600000, 0x000000071e600000, 0x000000071e800000|  0%| F|  |TAMS 0x000000071e600000, 0x000000071e600000| Untracked 
| 217|0x000000071e800000, 0x000000071e800000, 0x000000071ea00000|  0%| F|  |TAMS 0x000000071e800000, 0x000000071e800000| Untracked 
| 218|0x000000071ea00000, 0x000000071ea00000, 0x000000071ec00000|  0%| F|  |TAMS 0x000000071ea00000, 0x000000071ea00000| Untracked 
| 219|0x000000071ec00000, 0x000000071ec00000, 0x000000071ee00000|  0%| F|  |TAMS 0x000000071ec00000, 0x000000071ec00000| Untracked 
| 220|0x000000071ee00000, 0x000000071ee00000, 0x000000071f000000|  0%| F|  |TAMS 0x000000071ee00000, 0x000000071ee00000| Untracked 
| 221|0x000000071f000000, 0x000000071f000000, 0x000000071f200000|  0%| F|  |TAMS 0x000000071f000000, 0x000000071f000000| Untracked 
| 222|0x000000071f200000, 0x000000071f200000, 0x000000071f400000|  0%| F|  |TAMS 0x000000071f200000, 0x000000071f200000| Untracked 
| 223|0x000000071f400000, 0x000000071f400000, 0x000000071f600000|  0%| F|  |TAMS 0x000000071f400000, 0x000000071f400000| Untracked 
| 224|0x000000071f600000, 0x000000071f600000, 0x000000071f800000|  0%| F|  |TAMS 0x000000071f600000, 0x000000071f600000| Untracked 
| 225|0x000000071f800000, 0x000000071f800000, 0x000000071fa00000|  0%| F|  |TAMS 0x000000071f800000, 0x000000071f800000| Untracked 
| 226|0x000000071fa00000, 0x000000071fa00000, 0x000000071fc00000|  0%| F|  |TAMS 0x000000071fa00000, 0x000000071fa00000| Untracked 
| 227|0x000000071fc00000, 0x000000071fc00000, 0x000000071fe00000|  0%| F|  |TAMS 0x000000071fc00000, 0x000000071fc00000| Untracked 
| 228|0x000000071fe00000, 0x000000071fe00000, 0x0000000720000000|  0%| F|  |TAMS 0x000000071fe00000, 0x000000071fe00000| Untracked 
| 229|0x0000000720000000, 0x0000000720000000, 0x0000000720200000|  0%| F|  |TAMS 0x0000000720000000, 0x0000000720000000| Untracked 
| 230|0x0000000720200000, 0x0000000720200000, 0x0000000720400000|  0%| F|  |TAMS 0x0000000720200000, 0x0000000720200000| Untracked 
| 714|0x000000075ca00000, 0x000000075ca00000, 0x000000075cc00000|  0%| F|  |TAMS 0x000000075ca00000, 0x000000075ca00000| Untracked 
| 715|0x000000075cc00000, 0x000000075cc00000, 0x000000075ce00000|  0%| F|  |TAMS 0x000000075cc00000, 0x000000075cc00000| Untracked 
| 844|0x000000076ce00000, 0x000000076ce00000, 0x000000076d000000|  0%| F|  |TAMS 0x000000076ce00000, 0x000000076ce00000| Untracked 
| 845|0x000000076d000000, 0x000000076d000000, 0x000000076d200000|  0%| F|  |TAMS 0x000000076d000000, 0x000000076d000000| Untracked 
| 846|0x000000076d200000, 0x000000076d200000, 0x000000076d400000|  0%| F|  |TAMS 0x000000076d200000, 0x000000076d200000| Untracked 
| 847|0x000000076d400000, 0x000000076d529d40, 0x000000076d600000| 58%| S|CS|TAMS 0x000000076d400000, 0x000000076d400000| Complete 
| 848|0x000000076d600000, 0x000000076d600000, 0x000000076d800000|  0%| F|  |TAMS 0x000000076d600000, 0x000000076d600000| Untracked 
| 849|0x000000076d800000, 0x000000076d800000, 0x000000076da00000|  0%| F|  |TAMS 0x000000076d800000, 0x000000076d800000| Untracked 
| 850|0x000000076da00000, 0x000000076dc00000, 0x000000076dc00000|100%| S|CS|TAMS 0x000000076da00000, 0x000000076da00000| Complete 
| 851|0x000000076dc00000, 0x000000076dc00000, 0x000000076de00000|  0%| F|  |TAMS 0x000000076dc00000, 0x000000076dc00000| Untracked 
| 852|0x000000076de00000, 0x000000076de00000, 0x000000076e000000|  0%| F|  |TAMS 0x000000076de00000, 0x000000076de00000| Untracked 
| 853|0x000000076e000000, 0x000000076e000000, 0x000000076e200000|  0%| F|  |TAMS 0x000000076e000000, 0x000000076e000000| Untracked 
| 854|0x000000076e200000, 0x000000076e200000, 0x000000076e400000|  0%| F|  |TAMS 0x000000076e200000, 0x000000076e200000| Untracked 
| 855|0x000000076e400000, 0x000000076e400000, 0x000000076e600000|  0%| F|  |TAMS 0x000000076e400000, 0x000000076e400000| Untracked 
| 856|0x000000076e600000, 0x000000076e600000, 0x000000076e800000|  0%| F|  |TAMS 0x000000076e600000, 0x000000076e600000| Untracked 
| 857|0x000000076e800000, 0x000000076e800000, 0x000000076ea00000|  0%| F|  |TAMS 0x000000076e800000, 0x000000076e800000| Untracked 
| 858|0x000000076ea00000, 0x000000076ea00000, 0x000000076ec00000|  0%| F|  |TAMS 0x000000076ea00000, 0x000000076ea00000| Untracked 
| 859|0x000000076ec00000, 0x000000076ec00000, 0x000000076ee00000|  0%| F|  |TAMS 0x000000076ec00000, 0x000000076ec00000| Untracked 
| 860|0x000000076ee00000, 0x000000076ee00000, 0x000000076f000000|  0%| F|  |TAMS 0x000000076ee00000, 0x000000076ee00000| Untracked 

Card table byte_map: [0x0000016cd3ec0000,0x0000016cd46b0000] _byte_map_base: 0x0000016cd06a5000

Marking Bits (Prev, Next): (CMBitMap*) 0x0000016cbc1e1780, (CMBitMap*) 0x0000016cbc1e17c0
 Prev Bits: [0x0000016cd4ea0000, 0x0000016cd8dc8000)
 Next Bits: [0x0000016cd8dd0000, 0x0000016cdccf8000)

Polling page: 0x0000016cbc210000

Metaspace:

Usage:
  Non-class:     57.57 MB used.
      Class:      7.56 MB used.
       Both:     65.13 MB used.

Virtual space:
  Non-class space:       64.00 MB reserved,      58.00 MB ( 91%) committed,  1 nodes.
      Class space:        1.00 GB reserved,       8.00 MB ( <1%) committed,  1 nodes.
             Both:        1.06 GB reserved,      66.00 MB (  6%) committed. 

Chunk freelists:
   Non-Class:  5.38 MB
       Class:  7.92 MB
        Both:  13.30 MB

MaxMetaspaceSize: unlimited
CompressedClassSpaceSize: 1.00 GB
Initial GC threshold: 21.00 MB
Current GC threshold: 109.81 MB
CDS: on
MetaspaceReclaimPolicy: balanced
 - commit_granule_bytes: 65536.
 - commit_granule_words: 8192.
 - virtual_space_node_default_size: 8388608.
 - enlarge_chunks_in_place: 1.
 - new_chunks_are_fully_committed: 0.
 - uncommit_free_chunks: 1.
 - use_allocation_guard: 0.
 - handle_deallocations: 1.


Internal statistics:

num_allocs_failed_limit: 6.
num_arena_births: 2018.
num_arena_deaths: 694.
num_vsnodes_births: 2.
num_vsnodes_deaths: 0.
num_space_committed: 1065.
num_space_uncommitted: 9.
num_chunks_returned_to_freelist: 1029.
num_chunks_taken_from_freelist: 5366.
num_chunk_merges: 386.
num_chunk_splits: 3123.
num_chunks_enlarged: 1781.
num_inconsistent_stats: 0.

CodeHeap 'non-profiled nmethods': size=120000Kb used=13733Kb max_used=13733Kb free=106266Kb
 bounds [0x0000016ccb730000, 0x0000016ccc4a0000, 0x0000016cd2c60000]
CodeHeap 'profiled nmethods': size=120000Kb used=30972Kb max_used=31144Kb free=89027Kb
 bounds [0x0000016cc3c60000, 0x0000016cc5af0000, 0x0000016ccb190000]
CodeHeap 'non-nmethods': size=5760Kb used=1320Kb max_used=1380Kb free=4439Kb
 bounds [0x0000016ccb190000, 0x0000016ccb400000, 0x0000016ccb730000]
 total_blobs=15313 nmethods=14685 adapters=539
 compilation: enabled
              stopped_count=0, restarted_count=0
 full_count=0

Compilation events (20 events):
Event: 41856.635 Thread 0x0000016cdf957190 18680       3       org.apache.coyote.Request::setAttribute (11 bytes)
Event: 41856.640 Thread 0x0000016cdf957190 nmethod 18680 0x0000016cc3fcca90 code [0x0000016cc3fccc40, 0x0000016cc3fcce28]
Event: 41860.512 Thread 0x0000016cdf957190 18682       3       org.apache.coyote.ErrorState::getMostSevere (15 bytes)
Event: 41860.538 Thread 0x0000016cdf957190 nmethod 18682 0x0000016cc3f69710 code [0x0000016cc3f698a0, 0x0000016cc3f69a18]
Event: 41877.308 Thread 0x0000016cdf94e790 18683       4       com.mongodb.internal.connection.NoOpCommandEventSender::sendSucceededEvent (1 bytes)
Event: 41877.308 Thread 0x0000016cdf94e790 nmethod 18683 0x0000016ccc498890 code [0x0000016ccc498a00, 0x0000016ccc498a78]
Event: 41880.073 Thread 0x0000016cdf957190 18684       3       org.bson.AbstractBsonWriter::writeEndArray (106 bytes)
Event: 41880.078 Thread 0x0000016cdf957190 nmethod 18684 0x0000016cc3d7a990 code [0x0000016cc3d7ac40, 0x0000016cc3d7c108]
Event: 41880.080 Thread 0x0000016cdf957190 18685       3       org.bson.BsonBinaryWriter::doWriteEndArray (26 bytes)
Event: 41880.082 Thread 0x0000016cdf957190 nmethod 18685 0x0000016cc53f1e90 code [0x0000016cc53f2080, 0x0000016cc53f26b8]
Event: 41880.086 Thread 0x0000016cdf94e790 18686       4       org.springframework.core.SerializableTypeWrapper$MethodInvokeTypeProvider::<init> (36 bytes)
Event: 41880.091 Thread 0x0000016cdf94e790 nmethod 18686 0x0000016ccc498b90 code [0x0000016ccc498d00, 0x0000016ccc4990f8]
Event: 41890.567 Thread 0x0000016cdf957190 18687       3       org.apache.coyote.AbstractProcessor::setErrorState (155 bytes)
Event: 41891.019 Thread 0x0000016cdf957190 nmethod 18687 0x0000016cc3d78b10 code [0x0000016cc3d78e00, 0x0000016cc3d7a278]
Event: 41910.018 Thread 0x0000016cdf957190 18688       1       org.apache.catalina.webresources.AbstractResourceSet::getRoot (5 bytes)
Event: 41910.020 Thread 0x0000016cdf957190 nmethod 18688 0x0000016ccc499190 code [0x0000016ccc499320, 0x0000016ccc4993f8]
Event: 41910.021 Thread 0x0000016cdf957190 18689       3       java.io.File::getCanonicalPath (31 bytes)
Event: 41910.035 Thread 0x0000016cdf957190 nmethod 18689 0x0000016cc4693810 code [0x0000016cc46939e0, 0x0000016cc4693c98]
Event: 41910.035 Thread 0x0000016cdf957190 18690       3       java.io.WinNTFileSystem::canonicalize (372 bytes)
Event: 41910.057 Thread 0x0000016cdf957190 nmethod 18690 0x0000016cc567ee90 code [0x0000016cc567f4c0, 0x0000016cc5682698]

GC Heap History (20 events):
Event: 41460.221 GC heap after
{Heap after GC invocations=336 (full 8):
 garbage-first heap   total 997376K, used 218368K [0x0000000703600000, 0x0000000800000000)
  region size 2048K, 4 young (8192K), 4 survivors (8192K)
 Metaspace       used 66721K, committed 67584K, reserved 1114112K
  class space    used 7750K, committed 8192K, reserved 1048576K
}
Event: 41520.024 GC heap before
{Heap before GC invocations=336 (full 8):
 garbage-first heap   total 997376K, used 279808K [0x0000000703600000, 0x0000000800000000)
  region size 2048K, 35 young (71680K), 4 survivors (8192K)
 Metaspace       used 66723K, committed 67584K, reserved 1114112K
  class space    used 7750K, committed 8192K, reserved 1048576K
}
Event: 41520.049 GC heap after
{Heap after GC invocations=337 (full 8):
 garbage-first heap   total 997376K, used 216048K [0x0000000703600000, 0x0000000800000000)
  region size 2048K, 3 young (6144K), 3 survivors (6144K)
 Metaspace       used 66723K, committed 67584K, reserved 1114112K
  class space    used 7750K, committed 8192K, reserved 1048576K
}
Event: 41640.077 GC heap before
{Heap before GC invocations=338 (full 8):
 garbage-first heap   total 833536K, used 599960K [0x0000000703600000, 0x0000000800000000)
  region size 2048K, 181 young (370688K), 3 survivors (6144K)
 Metaspace       used 66693K, committed 67584K, reserved 1114112K
  class space    used 7743K, committed 8192K, reserved 1048576K
}
Event: 41640.091 GC heap after
{Heap after GC invocations=339 (full 8):
 garbage-first heap   total 833536K, used 187582K [0x0000000703600000, 0x0000000800000000)
  region size 2048K, 7 young (14336K), 7 survivors (14336K)
 Metaspace       used 66693K, committed 67584K, reserved 1114112K
  class space    used 7743K, committed 8192K, reserved 1048576K
}
Event: 41640.112 GC heap before
{Heap before GC invocations=339 (full 8):
 garbage-first heap   total 833536K, used 222398K [0x0000000703600000, 0x0000000800000000)
  region size 2048K, 20 young (40960K), 7 survivors (14336K)
 Metaspace       used 66693K, committed 67584K, reserved 1114112K
  class space    used 7743K, committed 8192K, reserved 1048576K
}
Event: 41640.130 GC heap after
{Heap after GC invocations=340 (full 8):
 garbage-first heap   total 833536K, used 153685K [0x0000000703600000, 0x0000000800000000)
  region size 2048K, 3 young (6144K), 3 survivors (6144K)
 Metaspace       used 66693K, committed 67584K, reserved 1114112K
  class space    used 7743K, committed 8192K, reserved 1048576K
}
Event: 41700.042 GC heap before
{Heap before GC invocations=340 (full 8):
 garbage-first heap   total 833536K, used 282709K [0x0000000703600000, 0x0000000800000000)
  region size 2048K, 67 young (137216K), 3 survivors (6144K)
 Metaspace       used 66694K, committed 67584K, reserved 1114112K
  class space    used 7743K, committed 8192K, reserved 1048576K
}
Event: 41700.067 GC heap after
{Heap after GC invocations=341 (full 8):
 garbage-first heap   total 833536K, used 165767K [0x0000000703600000, 0x0000000800000000)
  region size 2048K, 9 young (18432K), 9 survivors (18432K)
 Metaspace       used 66694K, committed 67584K, reserved 1114112K
  class space    used 7743K, committed 8192K, reserved 1048576K
}
Event: 41824.264 GC heap before
{Heap before GC invocations=342 (full 8):
 garbage-first heap   total 833536K, used 515975K [0x0000000703600000, 0x0000000800000000)
  region size 2048K, 177 young (362496K), 9 survivors (18432K)
 Metaspace       used 66687K, committed 67584K, reserved 1114112K
  class space    used 7742K, committed 8192K, reserved 1048576K
}
Event: 41824.268 GC heap after
{Heap after GC invocations=343 (full 8):
 garbage-first heap   total 833536K, used 107319K [0x0000000703600000, 0x0000000800000000)
  region size 2048K, 2 young (4096K), 2 survivors (4096K)
 Metaspace       used 66687K, committed 67584K, reserved 1114112K
  class space    used 7742K, committed 8192K, reserved 1048576K
}
Event: 41837.536 GC heap before
{Heap before GC invocations=343 (full 8):
 garbage-first heap   total 833536K, used 158519K [0x0000000703600000, 0x0000000800000000)
  region size 2048K, 20 young (40960K), 2 survivors (4096K)
 Metaspace       used 66688K, committed 67584K, reserved 1114112K
  class space    used 7742K, committed 8192K, reserved 1048576K
}
Event: 41847.287 GC heap after
{Heap after GC invocations=344 (full 8):
 garbage-first heap   total 833536K, used 125999K [0x0000000703600000, 0x0000000800000000)
  region size 2048K, 3 young (6144K), 3 survivors (6144K)
 Metaspace       used 66688K, committed 67584K, reserved 1114112K
  class space    used 7742K, committed 8192K, reserved 1048576K
}
Event: 41850.209 GC heap before
{Heap before GC invocations=344 (full 8):
 garbage-first heap   total 833536K, used 146479K [0x0000000703600000, 0x0000000800000000)
  region size 2048K, 14 young (28672K), 3 survivors (6144K)
 Metaspace       used 66688K, committed 67584K, reserved 1114112K
  class space    used 7742K, committed 8192K, reserved 1048576K
}
Event: 41850.215 GC heap after
{Heap after GC invocations=345 (full 8):
 garbage-first heap   total 833536K, used 123426K [0x0000000703600000, 0x0000000800000000)
  region size 2048K, 1 young (2048K), 1 survivors (2048K)
 Metaspace       used 66688K, committed 67584K, reserved 1114112K
  class space    used 7742K, committed 8192K, reserved 1048576K
}
Event: 41915.130 GC heap before
{Heap before GC invocations=346 (full 8):
 garbage-first heap   total 512000K, used 440866K [0x0000000703600000, 0x0000000800000000)
  region size 2048K, 139 young (284672K), 1 survivors (2048K)
 Metaspace       used 66690K, committed 67584K, reserved 1114112K
  class space    used 7742K, committed 8192K, reserved 1048576K
}
Event: 41915.158 GC heap after
{Heap after GC invocations=347 (full 8):
 garbage-first heap   total 512000K, used 111544K [0x0000000703600000, 0x0000000800000000)
  region size 2048K, 1 young (2048K), 1 survivors (2048K)
 Metaspace       used 66690K, committed 67584K, reserved 1114112K
  class space    used 7742K, committed 8192K, reserved 1048576K
}
Event: 41915.266 GC heap before
{Heap before GC invocations=347 (full 8):
 garbage-first heap   total 512000K, used 134072K [0x0000000703600000, 0x0000000800000000)
  region size 2048K, 12 young (24576K), 1 survivors (2048K)
 Metaspace       used 66690K, committed 67584K, reserved 1114112K
  class space    used 7742K, committed 8192K, reserved 1048576K
}
Event: 41915.333 GC heap after
{Heap after GC invocations=348 (full 8):
 garbage-first heap   total 512000K, used 123080K [0x0000000703600000, 0x0000000800000000)
  region size 2048K, 2 young (4096K), 2 survivors (4096K)
 Metaspace       used 66690K, committed 67584K, reserved 1114112K
  class space    used 7742K, committed 8192K, reserved 1048576K
}
Event: 41915.436 GC heap before
{Heap before GC invocations=348 (full 8):
 garbage-first heap   total 512000K, used 143560K [0x0000000703600000, 0x0000000800000000)
  region size 2048K, 12 young (24576K), 2 survivors (4096K)
 Metaspace       used 66690K, committed 67584K, reserved 1114112K
  class space    used 7742K, committed 8192K, reserved 1048576K
}

Dll operation events (10 events):
Event: 0.020 Loaded shared library C:\Program Files\Eclipse Adoptium\jdk-17.0.7.7-hotspot\bin\java.dll
Event: 0.039 Loaded shared library C:\Program Files\Eclipse Adoptium\jdk-17.0.7.7-hotspot\bin\jsvml.dll
Event: 0.187 Loaded shared library C:\Program Files\Eclipse Adoptium\jdk-17.0.7.7-hotspot\bin\net.dll
Event: 0.191 Loaded shared library C:\Program Files\Eclipse Adoptium\jdk-17.0.7.7-hotspot\bin\nio.dll
Event: 0.198 Loaded shared library C:\Program Files\Eclipse Adoptium\jdk-17.0.7.7-hotspot\bin\zip.dll
Event: 0.335 Loaded shared library C:\Program Files\Eclipse Adoptium\jdk-17.0.7.7-hotspot\bin\jimage.dll
Event: 0.757 Loaded shared library C:\Program Files\Eclipse Adoptium\jdk-17.0.7.7-hotspot\bin\management.dll
Event: 0.758 Loaded shared library C:\Program Files\Eclipse Adoptium\jdk-17.0.7.7-hotspot\bin\management_ext.dll
Event: 2.654 Loaded shared library C:\Program Files\Eclipse Adoptium\jdk-17.0.7.7-hotspot\bin\sunmscapi.dll
Event: 25.611 Loaded shared library C:\Program Files\Eclipse Adoptium\jdk-17.0.7.7-hotspot\bin\verify.dll

Deoptimization events (20 events):
Event: 40380.032 Thread 0x0000016ce6f40b60 Uncommon trap: trap_request=0xffffffc6 fr.pc=0x0000016ccc42b594 relative=0x0000000000001354
Event: 40380.032 Thread 0x0000016ce6f40b60 Uncommon trap: reason=bimorphic_or_optimized_type_check action=maybe_recompile pc=0x0000016ccc42b594 method=jdk.internal.reflect.DelegatingConstructorAccessorImpl.newInstance([Ljava/lang/Object;)Ljava/lang/Object; @ 5 c2
Event: 40380.032 Thread 0x0000016ce6f40b60 DEOPT PACKING pc=0x0000016ccc42b594 sp=0x00000051293f8930
Event: 40380.032 Thread 0x0000016ce6f40b60 DEOPT UNPACKING pc=0x0000016ccb1ea1a3 sp=0x00000051293f8890 mode 2
Event: 40380.032 Thread 0x0000016ce6f40b60 Uncommon trap: trap_request=0xffffffc6 fr.pc=0x0000016ccc42b594 relative=0x0000000000001354
Event: 40380.032 Thread 0x0000016ce6f40b60 Uncommon trap: reason=bimorphic_or_optimized_type_check action=maybe_recompile pc=0x0000016ccc42b594 method=jdk.internal.reflect.DelegatingConstructorAccessorImpl.newInstance([Ljava/lang/Object;)Ljava/lang/Object; @ 5 c2
Event: 40380.032 Thread 0x0000016ce6f40b60 DEOPT PACKING pc=0x0000016ccc42b594 sp=0x00000051293f8950
Event: 40380.032 Thread 0x0000016ce6f40b60 DEOPT UNPACKING pc=0x0000016ccb1ea1a3 sp=0x00000051293f88b0 mode 2
Event: 40757.596 Thread 0x0000016ce5538a70 Uncommon trap: trap_request=0xffffff45 fr.pc=0x0000016ccc3ad8a0 relative=0x0000000000001820
Event: 40757.596 Thread 0x0000016ce5538a70 Uncommon trap: reason=unstable_if action=reinterpret pc=0x0000016ccc3ad8a0 method=java.util.concurrent.locks.AbstractQueuedSynchronizer.acquire(Ljava/util/concurrent/locks/AbstractQueuedSynchronizer$Node;IZZZJ)I @ 83 c2
Event: 40757.596 Thread 0x0000016ce5538a70 DEOPT PACKING pc=0x0000016ccc3ad8a0 sp=0x00000051285ff090
Event: 40757.596 Thread 0x0000016ce5538a70 DEOPT UNPACKING pc=0x0000016ccb1ea1a3 sp=0x00000051285ff030 mode 2
Event: 41579.997 Thread 0x0000016ce6f40b60 Uncommon trap: trap_request=0xffffff45 fr.pc=0x0000016ccc47a45c relative=0x000000000000117c
Event: 41579.997 Thread 0x0000016ce6f40b60 Uncommon trap: reason=unstable_if action=reinterpret pc=0x0000016ccc47a45c method=java.util.concurrent.ConcurrentLinkedDeque.unlink(Ljava/util/concurrent/ConcurrentLinkedDeque$Node;)V @ 272 c2
Event: 41579.997 Thread 0x0000016ce6f40b60 DEOPT PACKING pc=0x0000016ccc47a45c sp=0x00000051293fa190
Event: 41579.998 Thread 0x0000016ce6f40b60 DEOPT UNPACKING pc=0x0000016ccb1ea1a3 sp=0x00000051293fa148 mode 2
Event: 41847.843 Thread 0x0000016ce6f3ee80 Uncommon trap: trap_request=0xffffff45 fr.pc=0x0000016ccc2dc8d8 relative=0x0000000000001d38
Event: 41848.334 Thread 0x0000016ce6f3ee80 Uncommon trap: reason=unstable_if action=reinterpret pc=0x0000016ccc2dc8d8 method=org.springframework.util.ConcurrentReferenceHashMap$Segment.restructure(ZLorg/springframework/util/ConcurrentReferenceHashMap$Reference;)V @ 193 c2
Event: 41850.193 Thread 0x0000016ce6f3ee80 DEOPT PACKING pc=0x0000016ccc2dc8d8 sp=0x00000051296fb010
Event: 41850.193 Thread 0x0000016ce6f3ee80 DEOPT UNPACKING pc=0x0000016ccb1ea1a3 sp=0x00000051296fafd8 mode 2

Classes unloaded (20 events):
Event: 37562.724 Thread 0x0000016cdf2b1af0 Unloading class 0x00000008017b8a00 'com/carburant/backend/config/CorsConfig'
Event: 37562.724 Thread 0x0000016cdf2b1af0 Unloading class 0x00000008017b8800 'com/carburant/backend/BackendApplication'
Event: 41340.166 Thread 0x0000016cdf2b1af0 Unloading class 0x00000008017eb400 'jdk/internal/reflect/GeneratedMethodAccessor124'
Event: 41340.166 Thread 0x0000016cdf2b1af0 Unloading class 0x00000008017eb000 'jdk/internal/reflect/GeneratedMethodAccessor125'
Event: 41520.135 Thread 0x0000016cdf2b1af0 Unloading class 0x0000000801431000 'jdk/internal/reflect/GeneratedMethodAccessor152'
Event: 41520.135 Thread 0x0000016cdf2b1af0 Unloading class 0x0000000801432400 'jdk/internal/reflect/GeneratedMethodAccessor151'
Event: 41520.135 Thread 0x0000016cdf2b1af0 Unloading class 0x0000000801432000 'jdk/internal/reflect/GeneratedMethodAccessor150'
Event: 41520.135 Thread 0x0000016cdf2b1af0 Unloading class 0x00000008014b4c00 'jdk/internal/reflect/GeneratedMethodAccessor149'
Event: 41520.135 Thread 0x0000016cdf2b1af0 Unloading class 0x00000008014b4800 'jdk/internal/reflect/GeneratedMethodAccessor148'
Event: 41520.135 Thread 0x0000016cdf2b1af0 Unloading class 0x0000000801669400 'jdk/internal/reflect/GeneratedMethodAccessor147'
Event: 41520.135 Thread 0x0000016cdf2b1af0 Unloading class 0x0000000801669000 'jdk/internal/reflect/GeneratedMethodAccessor146'
Event: 41520.135 Thread 0x0000016cdf2b1af0 Unloading class 0x00000008016ce400 'jdk/internal/reflect/GeneratedMethodAccessor145'
Event: 41520.135 Thread 0x0000016cdf2b1af0 Unloading class 0x00000008016ce000 'jdk/internal/reflect/GeneratedMethodAccessor144'
Event: 41520.135 Thread 0x0000016cdf2b1af0 Unloading class 0x0000000801736c00 'jdk/internal/reflect/GeneratedMethodAccessor143'
Event: 41520.135 Thread 0x0000016cdf2b1af0 Unloading class 0x0000000801736800 'jdk/internal/reflect/GeneratedMethodAccessor142'
Event: 41520.135 Thread 0x0000016cdf2b1af0 Unloading class 0x0000000801739400 'jdk/internal/reflect/GeneratedMethodAccessor141'
Event: 41520.135 Thread 0x0000016cdf2b1af0 Unloading class 0x0000000801779000 'jdk/internal/reflect/GeneratedConstructorAccessor110'
Event: 41520.135 Thread 0x0000016cdf2b1af0 Unloading class 0x000000080142c800 'org/apache/catalina/loader/JdbcLeakPrevention'
Event: 41700.208 Thread 0x0000016cdf2b1af0 Unloading class 0x00000008012b4400 'jdk/internal/reflect/GeneratedConstructorAccessor133'
Event: 41700.208 Thread 0x0000016cdf2b1af0 Unloading class 0x00000008017f3800 'org/apache/catalina/loader/JdbcLeakPrevention'

Classes redefined (0 events):
No events

Internal exceptions (20 events):
Event: 39484.167 Thread 0x0000016ce73250b0 Implicit null exception at 0x0000016ccba172f2 to 0x0000016ccba17407
Event: 39498.495 Thread 0x0000016ce7323d70 Exception <a 'java/lang/NoSuchMethodError'{0x00000007191a7bc0}: 'java.lang.Object java.lang.invoke.Invokers$Holder.invoke_MT(java.lang.Object, java.lang.Object, java.lang.Object)'> (0x00000007191a7bc0) 
thrown [s\src\hotspot\share\interpreter\linkResolver.cpp, line 759]
Event: 39498.513 Thread 0x0000016ce7322560 Exception <a 'java/lang/NoSuchMethodError'{0x0000000718f86c30}: 'void java.lang.invoke.DelegatingMethodHandle$Holder.reinvoke_L(java.lang.Object, java.lang.Object, long)'> (0x0000000718f86c30) 
thrown [s\src\hotspot\share\interpreter\linkResolver.cpp, line 759]
Event: 40297.776 Thread 0x0000016ce5539410 Exception <a 'java/lang/InterruptedException'{0x0000000762694698}: sleep interrupted> (0x0000000762694698) 
thrown [s\src\hotspot\share\prims\jvm.cpp, line 3070]
Event: 40297.777 Thread 0x0000016ce5538f40 Exception <a 'java/io/IOException'{0x0000000762601560}> (0x0000000762601560) 
thrown [s\src\hotspot\share\prims\jni.cpp, line 516]
Event: 40297.834 Thread 0x0000016ce55385a0 Exception <a 'java/lang/InterruptedException'{0x00000007625aa380}: sleep interrupted> (0x00000007625aa380) 
thrown [s\src\hotspot\share\prims\jvm.cpp, line 3070]
Event: 40298.056 Thread 0x0000016ce5b9aaa0 Exception <a 'sun/nio/fs/WindowsException'{0x000000070f67b140}> (0x000000070f67b140) 
thrown [s\src\hotspot\share\prims\jni.cpp, line 516]
Event: 40298.247 Thread 0x0000016ce5b9aaa0 Exception <a 'sun/nio/fs/WindowsException'{0x000000070f58ecf8}> (0x000000070f58ecf8) 
thrown [s\src\hotspot\share\prims\jni.cpp, line 516]
Event: 40298.397 Thread 0x0000016ce5b9aaa0 Exception <a 'java/lang/NoClassDefFoundError'{0x000000070f62e2a0}: org/glassfish/jersey/server/monitoring/ApplicationEventListener> (0x000000070f62e2a0) 
thrown [s\src\hotspot\share\classfile\systemDictionary.cpp, line 245]
Event: 40299.245 Thread 0x0000016ce5b9aaa0 Exception <a 'sun/nio/fs/WindowsException'{0x000000070d9e9470}> (0x000000070d9e9470) 
thrown [s\src\hotspot\share\prims\jni.cpp, line 516]
Event: 40299.297 Thread 0x0000016ce5b9aaa0 Exception <a 'sun/nio/fs/WindowsException'{0x000000070d6d2738}> (0x000000070d6d2738) 
thrown [s\src\hotspot\share\prims\jni.cpp, line 516]
Event: 40299.435 Thread 0x0000016ce5b9aaa0 Exception <a 'java/lang/NoClassDefFoundError'{0x000000070d578528}: org/flywaydb/core/Flyway> (0x000000070d578528) 
thrown [s\src\hotspot\share\oops\constantPool.cpp, line 835]
Event: 40299.435 Thread 0x0000016ce5b9aaa0 Exception <a 'java/lang/NoClassDefFoundError'{0x000000070d578b78}: liquibase/integration/spring/SpringLiquibase> (0x000000070d578b78) 
thrown [s\src\hotspot\share\oops\constantPool.cpp, line 835]
Event: 40299.548 Thread 0x0000016ce5b9aaa0 Exception <a 'sun/nio/fs/WindowsException'{0x000000070cafebe8}> (0x000000070cafebe8) 
thrown [s\src\hotspot\share\prims\jni.cpp, line 516]
Event: 40299.549 Thread 0x0000016ce5b9aaa0 Exception <a 'sun/nio/fs/WindowsException'{0x000000070caff1d8}> (0x000000070caff1d8) 
thrown [s\src\hotspot\share\prims\jni.cpp, line 516]
Event: 40299.549 Thread 0x0000016ce5b9aaa0 Exception <a 'sun/nio/fs/WindowsException'{0x000000070caff8a0}> (0x000000070caff8a0) 
thrown [s\src\hotspot\share\prims\jni.cpp, line 516]
Event: 40299.570 Thread 0x0000016ce5b9aaa0 Exception <a 'java/io/FileNotFoundException'{0x000000070cb3eff8}> (0x000000070cb3eff8) 
thrown [s\src\hotspot\share\prims\jni.cpp, line 516]
Event: 40299.676 Thread 0x0000016ce5b9aaa0 Exception <a 'java/io/FileNotFoundException'{0x000000070c4f3858}> (0x000000070c4f3858) 
thrown [s\src\hotspot\share\prims\jni.cpp, line 516]
Event: 40299.718 Thread 0x0000016ce5b9aaa0 Exception <a 'sun/nio/fs/WindowsException'{0x000000070c3575e0}> (0x000000070c3575e0) 
thrown [s\src\hotspot\share\prims\jni.cpp, line 516]
Event: 40300.243 Thread 0x0000016ce5b9aaa0 Exception <a 'sun/nio/fs/WindowsException'{0x000000070eb88b58}> (0x000000070eb88b58) 
thrown [s\src\hotspot\share\prims\jni.cpp, line 516]

VM Operations (20 events):
Event: 41700.310 Executing VM operation: G1Concurrent done
Event: 41824.264 Executing VM operation: G1CollectForAllocation
Event: 41824.268 Executing VM operation: G1CollectForAllocation done
Event: 41837.536 Executing VM operation: G1CollectForAllocation
Event: 41847.311 Executing VM operation: G1CollectForAllocation done
Event: 41850.209 Executing VM operation: G1TryInitiateConcMark
Event: 41850.215 Executing VM operation: G1TryInitiateConcMark done
Event: 41850.270 Executing VM operation: G1Concurrent
Event: 41850.830 Executing VM operation: G1Concurrent done
Event: 41853.596 Executing VM operation: G1Concurrent
Event: 41854.075 Executing VM operation: G1Concurrent done
Event: 41883.296 Executing VM operation: Cleanup
Event: 41884.313 Executing VM operation: Cleanup done
Event: 41910.533 Executing VM operation: Cleanup
Event: 41910.533 Executing VM operation: Cleanup done
Event: 41915.126 Executing VM operation: G1CollectForAllocation
Event: 41915.159 Executing VM operation: G1CollectForAllocation done
Event: 41915.245 Executing VM operation: G1CollectForAllocation
Event: 41915.333 Executing VM operation: G1CollectForAllocation done
Event: 41915.436 Executing VM operation: G1CollectForAllocation

Events (20 events):
Event: 40380.076 Thread 0x0000016cdf960350 flushing nmethod 0x0000016cc5750010
Event: 40380.076 Thread 0x0000016cdf960350 flushing nmethod 0x0000016cc5751b10
Event: 40380.076 Thread 0x0000016cdf960350 flushing nmethod 0x0000016cc5753610
Event: 40380.076 Thread 0x0000016cdf960350 flushing nmethod 0x0000016cc5755110
Event: 40380.076 Thread 0x0000016cdf960350 flushing nmethod 0x0000016cc5756c10
Event: 40380.076 Thread 0x0000016cdf960350 flushing nmethod 0x0000016cc5758010
Event: 40380.076 Thread 0x0000016cdf960350 flushing nmethod 0x0000016cc575ea90
Event: 40380.076 Thread 0x0000016cdf960350 flushing nmethod 0x0000016cc575f590
Event: 40380.076 Thread 0x0000016cdf960350 flushing nmethod 0x0000016cc5760090
Event: 40380.076 Thread 0x0000016cdf960350 flushing nmethod 0x0000016cc5760b90
Event: 40380.076 Thread 0x0000016cdf960350 flushing nmethod 0x0000016cc5761690
Event: 40380.076 Thread 0x0000016cdf960350 flushing nmethod 0x0000016cc5762190
Event: 40380.076 Thread 0x0000016cdf960350 flushing nmethod 0x0000016cc5762c90
Event: 40380.076 Thread 0x0000016cdf960350 flushing nmethod 0x0000016cc5763910
Event: 40380.076 Thread 0x0000016cdf960350 flushing nmethod 0x0000016cc5764410
Event: 40380.076 Thread 0x0000016cdf960350 flushing nmethod 0x0000016cc5764f10
Event: 40380.076 Thread 0x0000016cdf960350 flushing nmethod 0x0000016cc5765a10
Event: 40380.076 Thread 0x0000016cdf960350 flushing nmethod 0x0000016cc5766510
Event: 40380.077 Thread 0x0000016cdf960350 flushing nmethod 0x0000016cc5858690
Event: 40380.077 Thread 0x0000016cdf960350 flushing nmethod 0x0000016cc5860010


Dynamic libraries:
0x00007ff6e4b90000 - 0x00007ff6e4b9e000 	C:\Program Files\Eclipse Adoptium\jdk-17.0.7.7-hotspot\bin\java.exe
0x00007ffdbd260000 - 0x00007ffdbd4c5000 	C:\WINDOWS\SYSTEM32\ntdll.dll
0x00007ffdbbd60000 - 0x00007ffdbbe29000 	C:\WINDOWS\System32\KERNEL32.DLL
0x00007ffdbab80000 - 0x00007ffdbaf68000 	C:\WINDOWS\System32\KERNELBASE.dll
0x00007ffdba8f0000 - 0x00007ffdbaa3b000 	C:\WINDOWS\System32\ucrtbase.dll
0x00007ffda9df0000 - 0x00007ffda9e07000 	C:\Program Files\Eclipse Adoptium\jdk-17.0.7.7-hotspot\bin\jli.dll
0x00007ffdb4470000 - 0x00007ffdb4489000 	C:\Program Files\Eclipse Adoptium\jdk-17.0.7.7-hotspot\bin\VCRUNTIME140.dll
0x00007ffdbb030000 - 0x00007ffdbb1fa000 	C:\WINDOWS\System32\USER32.dll
0x00007ffd9f0a0000 - 0x00007ffd9f33a000 	C:\WINDOWS\WinSxS\amd64_microsoft.windows.common-controls_6595b64144ccf1df_6.0.26100.4202_none_3e0698d4e335f517\COMCTL32.dll
0x00007ffdba800000 - 0x00007ffdba827000 	C:\WINDOWS\System32\win32u.dll
0x00007ffdbbcb0000 - 0x00007ffdbbd59000 	C:\WINDOWS\System32\msvcrt.dll
0x00007ffdbb000000 - 0x00007ffdbb02b000 	C:\WINDOWS\System32\GDI32.dll
0x00007ffdbaa40000 - 0x00007ffdbab77000 	C:\WINDOWS\System32\gdi32full.dll
0x00007ffdba530000 - 0x00007ffdba5d3000 	C:\WINDOWS\System32\msvcp_win.dll
0x00007ffdbcc80000 - 0x00007ffdbccb0000 	C:\WINDOWS\System32\IMM32.DLL
0x00007ffdb2250000 - 0x00007ffdb225c000 	C:\Program Files\Eclipse Adoptium\jdk-17.0.7.7-hotspot\bin\vcruntime140_1.dll
0x00007ffd98700000 - 0x00007ffd98791000 	C:\Program Files\Eclipse Adoptium\jdk-17.0.7.7-hotspot\bin\msvcp140.dll
0x00007ffd12260000 - 0x00007ffd12ea8000 	C:\Program Files\Eclipse Adoptium\jdk-17.0.7.7-hotspot\bin\server\jvm.dll
0x00007ffdbbbf0000 - 0x00007ffdbbca3000 	C:\WINDOWS\System32\ADVAPI32.dll
0x00007ffdbbb40000 - 0x00007ffdbbbe6000 	C:\WINDOWS\System32\sechost.dll
0x00007ffdbca50000 - 0x00007ffdbcb65000 	C:\WINDOWS\System32\RPCRT4.dll
0x00007ffdaf560000 - 0x00007ffdaf595000 	C:\WINDOWS\SYSTEM32\WINMM.dll
0x00007ffdb2150000 - 0x00007ffdb215a000 	C:\WINDOWS\SYSTEM32\WSOCK32.dll
0x00007ffdbb7b0000 - 0x00007ffdbb824000 	C:\WINDOWS\System32\WS2_32.dll
0x00007ffda7190000 - 0x00007ffda719b000 	C:\WINDOWS\SYSTEM32\VERSION.dll
0x00007ffdb9130000 - 0x00007ffdb914b000 	C:\WINDOWS\SYSTEM32\kernel.appcore.dll
0x00007ffda7300000 - 0x00007ffda730a000 	C:\Program Files\Eclipse Adoptium\jdk-17.0.7.7-hotspot\bin\jimage.dll
0x00007ffdb7b20000 - 0x00007ffdb7d61000 	C:\WINDOWS\SYSTEM32\DBGHELP.DLL
0x00007ffdbce90000 - 0x00007ffdbd215000 	C:\WINDOWS\System32\combase.dll
0x00007ffdbccc0000 - 0x00007ffdbcda1000 	C:\WINDOWS\System32\OLEAUT32.dll
0x00007ffd9b9e0000 - 0x00007ffd9ba19000 	C:\WINDOWS\SYSTEM32\dbgcore.DLL
0x00007ffdba760000 - 0x00007ffdba7f9000 	C:\WINDOWS\System32\bcryptPrimitives.dll
0x00007ffda7280000 - 0x00007ffda72a5000 	C:\Program Files\Eclipse Adoptium\jdk-17.0.7.7-hotspot\bin\java.dll
0x00007ffd851b0000 - 0x00007ffd85286000 	C:\Program Files\Eclipse Adoptium\jdk-17.0.7.7-hotspot\bin\jsvml.dll
0x00007ffdbc300000 - 0x00007ffdbca42000 	C:\WINDOWS\System32\SHELL32.dll
0x00007ffdba5e0000 - 0x00007ffdba754000 	C:\WINDOWS\System32\wintypes.dll
0x00007ffdb7fd0000 - 0x00007ffdb8827000 	C:\WINDOWS\SYSTEM32\windows.storage.dll
0x00007ffdbcb70000 - 0x00007ffdbcc61000 	C:\WINDOWS\System32\SHCORE.dll
0x00007ffdbb740000 - 0x00007ffdbb7aa000 	C:\WINDOWS\System32\shlwapi.dll
0x00007ffdba2c0000 - 0x00007ffdba2ef000 	C:\WINDOWS\SYSTEM32\profapi.dll
0x00007ffda6e00000 - 0x00007ffda6e19000 	C:\Program Files\Eclipse Adoptium\jdk-17.0.7.7-hotspot\bin\net.dll
0x00007ffdaf3a0000 - 0x00007ffdaf4be000 	C:\WINDOWS\SYSTEM32\WINHTTP.dll
0x00007ffdb9680000 - 0x00007ffdb96ea000 	C:\WINDOWS\system32\mswsock.dll
0x00007ffda1270000 - 0x00007ffda1285000 	C:\Program Files\Eclipse Adoptium\jdk-17.0.7.7-hotspot\bin\nio.dll
0x00007ffd9f9d0000 - 0x00007ffd9f9e8000 	C:\Program Files\Eclipse Adoptium\jdk-17.0.7.7-hotspot\bin\zip.dll
0x00007ffda1260000 - 0x00007ffda1269000 	C:\Program Files\Eclipse Adoptium\jdk-17.0.7.7-hotspot\bin\management.dll
0x00007ffd9f820000 - 0x00007ffd9f82b000 	C:\Program Files\Eclipse Adoptium\jdk-17.0.7.7-hotspot\bin\management_ext.dll
0x00007ffdbb9c0000 - 0x00007ffdbb9c8000 	C:\WINDOWS\System32\PSAPI.DLL
0x00007ffd9f810000 - 0x00007ffd9f81e000 	C:\Program Files\Eclipse Adoptium\jdk-17.0.7.7-hotspot\bin\sunmscapi.dll
0x00007ffdba3b0000 - 0x00007ffdba527000 	C:\WINDOWS\System32\CRYPT32.dll
0x00007ffdb9cd0000 - 0x00007ffdb9d00000 	C:\WINDOWS\SYSTEM32\ncrypt.dll
0x00007ffdb9c80000 - 0x00007ffdb9cbf000 	C:\WINDOWS\SYSTEM32\NTASN1.dll
0x00007ffdb9a60000 - 0x00007ffdb9a7b000 	C:\WINDOWS\SYSTEM32\CRYPTSP.dll
0x00007ffdb9090000 - 0x00007ffdb90ca000 	C:\WINDOWS\system32\rsaenh.dll
0x00007ffdb9720000 - 0x00007ffdb974b000 	C:\WINDOWS\SYSTEM32\USERENV.dll
0x00007ffdba290000 - 0x00007ffdba2b6000 	C:\WINDOWS\SYSTEM32\bcrypt.dll
0x00007ffdb98c0000 - 0x00007ffdb98cc000 	C:\WINDOWS\SYSTEM32\CRYPTBASE.dll
0x00007ffdb8c80000 - 0x00007ffdb8cb3000 	C:\WINDOWS\SYSTEM32\IPHLPAPI.DLL
0x00007ffdbcc70000 - 0x00007ffdbcc7a000 	C:\WINDOWS\System32\NSI.dll
0x00007ffdb0ea0000 - 0x00007ffdb0ebf000 	C:\WINDOWS\SYSTEM32\dhcpcsvc6.DLL
0x00007ffdaf5a0000 - 0x00007ffdaf5c5000 	C:\WINDOWS\SYSTEM32\dhcpcsvc.DLL
0x00007ffdb8cc0000 - 0x00007ffdb8de7000 	C:\WINDOWS\SYSTEM32\DNSAPI.dll
0x00007ffda9ac0000 - 0x00007ffda9acb000 	C:\Windows\System32\rasadhlp.dll
0x00007ffdb1700000 - 0x00007ffdb1786000 	C:\WINDOWS\System32\fwpuclnt.dll
0x00007ffd9e520000 - 0x00007ffd9e528000 	C:\WINDOWS\system32\wshunix.dll
0x00007ffd9f6d0000 - 0x00007ffd9f6e0000 	C:\Program Files\Eclipse Adoptium\jdk-17.0.7.7-hotspot\bin\verify.dll

dbghelp: loaded successfully - version: 4.0.5 - missing functions: none
symbol engine: initialized successfully - sym options: 0x614 - pdb path: .;C:\Program Files\Eclipse Adoptium\jdk-17.0.7.7-hotspot\bin;C:\WINDOWS\SYSTEM32;C:\WINDOWS\WinSxS\amd64_microsoft.windows.common-controls_6595b64144ccf1df_6.0.26100.4202_none_3e0698d4e335f517;C:\Program Files\Eclipse Adoptium\jdk-17.0.7.7-hotspot\bin\server

VM Arguments:
jvm_args: -XX:+ShowCodeDetailsInExceptionMessages 
java_command: com.carburant.backend.BackendApplication
java_class_path (initial): C:\Users\ala\Downloads\test\backend\target\classes;C:\Users\ala\.m2\repository\org\springframework\boot\spring-boot-starter-data-mongodb\3.2.4\spring-boot-starter-data-mongodb-3.2.4.jar;C:\Users\ala\.m2\repository\org\springframework\boot\spring-boot-starter\3.2.4\spring-boot-starter-3.2.4.jar;C:\Users\ala\.m2\repository\org\springframework\boot\spring-boot-starter-logging\3.2.4\spring-boot-starter-logging-3.2.4.jar;C:\Users\ala\.m2\repository\ch\qos\logback\logback-classic\1.4.14\logback-classic-1.4.14.jar;C:\Users\ala\.m2\repository\ch\qos\logback\logback-core\1.4.14\logback-core-1.4.14.jar;C:\Users\ala\.m2\repository\org\apache\logging\log4j\log4j-to-slf4j\2.21.1\log4j-to-slf4j-2.21.1.jar;C:\Users\ala\.m2\repository\org\slf4j\jul-to-slf4j\2.0.12\jul-to-slf4j-2.0.12.jar;C:\Users\ala\.m2\repository\jakarta\annotation\jakarta.annotation-api\2.1.1\jakarta.annotation-api-2.1.1.jar;C:\Users\ala\.m2\repository\org\yaml\snakeyaml\2.2\snakeyaml-2.2.jar;C:\Users\ala\.m2\repository\org\mongodb\mongodb-driver-sync\4.11.1\mongodb-driver-sync-4.11.1.jar;C:\Users\ala\.m2\repository\org\mongodb\bson\4.11.1\bson-4.11.1.jar;C:\Users\ala\.m2\repository\org\mongodb\mongodb-driver-core\4.11.1\mongodb-driver-core-4.11.1.jar;C:\Users\ala\.m2\repository\org\mongodb\bson-record-codec\4.11.1\bson-record-codec-4.11.1.jar;C:\Users\ala\.m2\repository\org\springframework\data\spring-data-mongodb\4.2.4\spring-data-mongodb-4.2.4.jar;C:\Users\ala\.m2\repository\org\springframework\spring-tx\6.1.5\spring-tx-6.1.5.jar;C:\Users\ala\.m2\repository\org\springframework\spring-context\6.1.5\spring-context-6.1.5.jar;C:\Users\ala\.m2\repository\org\springframework\spring-beans\6.1.5\spring-beans-6.1.5.jar;C:\Users\ala\.m2\repository\org\springframework\spring-expression\6.1.5\spring-expression-6.1.5.jar;C:\Users\ala\.m2\repository\org\springframework\data\spring-data-commons\3.2.4\spring-data-commons-3.2.4.jar;C:\Users\ala\.m2\repository\org\springframework\boot\spring-boot-s
Launcher Type: SUN_STANDARD

[Global flags]
     intx CICompilerCount                          = 4                                         {product} {ergonomic}
     uint ConcGCThreads                            = 2                                         {product} {ergonomic}
     uint G1ConcRefinementThreads                  = 8                                         {product} {ergonomic}
   size_t G1HeapRegionSize                         = 2097152                                   {product} {ergonomic}
    uintx GCDrainStackTargetSize                   = 64                                        {product} {ergonomic}
   size_t InitialHeapSize                          = 266338304                                 {product} {ergonomic}
   size_t MarkStackSize                            = 4194304                                   {product} {ergonomic}
   size_t MaxHeapSize                              = 4238344192                                {product} {ergonomic}
   size_t MaxNewSize                               = 2541748224                                {product} {ergonomic}
   size_t MinHeapDeltaBytes                        = 2097152                                   {product} {ergonomic}
   size_t MinHeapSize                              = 8388608                                   {product} {ergonomic}
    uintx NonNMethodCodeHeapSize                   = 5839372                                {pd product} {ergonomic}
    uintx NonProfiledCodeHeapSize                  = 122909434                              {pd product} {ergonomic}
    uintx ProfiledCodeHeapSize                     = 122909434                              {pd product} {ergonomic}
    uintx ReservedCodeCacheSize                    = 251658240                              {pd product} {ergonomic}
     bool SegmentedCodeCache                       = true                                      {product} {ergonomic}
     bool ShowCodeDetailsInExceptionMessages       = true                                   {manageable} {command line}
   size_t SoftMaxHeapSize                          = 4238344192                             {manageable} {ergonomic}
     bool UseCompressedClassPointers               = true                           {product lp64_product} {ergonomic}
     bool UseCompressedOops                        = true                           {product lp64_product} {ergonomic}
     bool UseG1GC                                  = true                                      {product} {ergonomic}
     bool UseLargePagesIndividualAllocation        = false                                  {pd product} {ergonomic}

Logging:
Log output configuration:
 #0: stdout all=warning uptime,level,tags
 #1: stderr all=off uptime,level,tags

Environment Variables:
PATH=C:\Program Files\PowerShell\7;C:\Program Files\Microsoft MPI\Bin\iles\ImageMagick-7.1.1-Q16-HDRIiles\NVIDIA\CUDNN\v9.8\bin;c:\Users\ala\AppData\Local\Programs\cursor\resources\app\biniles\Python311\Scripts\iles\Python311\iles\Eclipse Adoptium\jdk-17.0.7.7-hotspot\biniles\Common Files\Oracle\Java\javapath;C:\Windows\system32;C:\Windows;C:\Windows\System32\Wbem;C:\Windows\System32\WindowsPowerShell\v1.0\;C:\Windows\System32\OpenSSH\iles (x86)\NVIDIA Corporation\PhysX\Commoniles\NVIDIA Corporation\NVIDIA NvDLISR;C:\WINDOWS\system32;C:\WINDOWS;C:\WINDOWS\System32\Wbem;C:\WINDOWS\System32\WindowsPowerShell\v1.0\;C:\WINDOWS\System32\OpenSSH\iles\Java\jdk-19\bin;C:\ProgramData\Microsoft\Windows\Start Menu\Programs\MySQLiles\Microsoft SQL Server\150\Tools\Binn\iles\dotnet\iles (x86)\MINI-REFPROP;C:\ProgramData\chocolatey\bin;C:\Users\ala\AppData\Roaming\nvmiles\nodejsiles\Apache\maven\apache-maven-3.9.9\bin;C:\Program Files\Apache\maven\apache-maven-3.9.9\bin;C:\Program Files\Apache\maven\apache-maven-3.9.9\bin;C:\Program Files\Maven\apache-maven-3.9.9\bin;C:\Users\ala\AppData\Local\Programs\Python\Python313\Scripts\;C:\Users\ala\AppData\Local\Programs\Python\Python313\;C:\Program Files\MySQL\MySQL Shell 8.0\bin\;C:\Users\ala\AppData\Local\pnpm;C:\Program Files\Python311\Scripts\;C:\Program Files\Python311\;C:\Program Files\Eclipse Adoptium\jdk-17.0.7.7-hotspot\bin;C:\Program Files\Common Files\Oracle\Java\javapath;C:\Windows\System32\OpenSSH\;C:\Program Files (x86)\NVIDIA Corporation\PhysX\Common;C:\Program Files\NVIDIA Corporation\NVIDIA NvDLISR;C:\WINDOWS\System32\OpenSSH\;C:\Program Files\Java\jdk-19\bin;C:\ProgramData\Microsoft\Windows\Start Menu\Programs\MySQL;C:\Program Files\MATLAB\R2023a\bin;C:\Program Files\Microsoft SQL Server\150\Tools\Binn\;C:\Program Files\dotnet\;C:\Program Files\Git\cmd;C:\Program Files (x86)\MINI-REFPROP;C:\Program Files\PowerShell\7\;C:\Program Files (x86)\NVIDIA Corporation\Ph;C:\Users\ala\AppData\Roaming\Microsoft\Windows\Start Menu\Pr
USERNAME=ala
LANG=en_US.UTF-8
OS=Windows_NT
PROCESSOR_IDENTIFIER=Intel64 Family 6 Model 140 Stepping 2, GenuineIntel
TMP=C:\Users\ala\AppData\Local\Temp
TEMP=C:\Users\ala\AppData\Local\Temp



---------------  S Y S T E M  ---------------

OS:
 Windows 11 , 64 bit Build 26100 (10.0.26100.4202)
OS uptime: 0 days 14:36 hours
Hyper-V role detected

CPU: total 8 (initial active 8) (4 cores per cpu, 2 threads per core) family 6 model 140 stepping 2 microcode 0x16, cx8, cmov, fxsr, ht, mmx, 3dnowpref, sse, sse2, sse3, ssse3, sse4.1, sse4.2, popcnt, lzcnt, tsc, tscinvbit, avx, avx2, aes, erms, clmul, bmi1, bmi2, adx, avx512f, avx512dq, avx512cd, avx512bw, avx512vl, sha, fma, vzeroupper, avx512_vpopcntdq, avx512_vpclmulqdq, avx512_vaes, avx512_vnni, clflush, clflushopt, clwb, avx512_vbmi2, avx512_vbmi, hv

Memory: 4k page, system-wide physical 16167M (558M free)
TotalPageFile size 39581M (AvailPageFile size 306M)
current process WorkingSet (physical memory assigned to process): 365M, peak: 1142M
current process commit charge ("private bytes"): 795M, peak: 2064M

vm_info: OpenJDK 64-Bit Server VM (17.0.7+7) for windows-amd64 JRE (17.0.7+7), built on Apr 18 2023 22:10:42 by "temurin" with MS VC++ 16.7 (VS2019)

END.
